<?xml version="1.0" encoding="utf-8"?><testsuites name="pytest tests"><testsuite name="pytest" errors="0" failures="0" skipped="3" tests="57" time="65.866" timestamp="2026-06-19T11:48:23.526386+00:00" hostname="0c846cd6cc26"><testcase classname="service.test_cross_platform.TestCrossPlatform" name="test_find_serial_comport_scan" time="0.001" /><testcase classname="service.test_cross_platform.TestCrossPlatform" name="test_find_serial_manual_override" time="0.000" /><testcase classname="service.test_cross_platform.TestCrossPlatform" name="test_flash_device_custom_usb" time="11.250" /><testcase classname="service.test_cross_platform.TestCrossPlatform" name="test_pynput_keyboard_emulation" time="0.005" /><testcase classname="service.test_cross_platform.TestCrossPlatform" name="test_pynput_mouse_emulation" time="0.001" /><testcase classname="service.test_installer_adversarial.TestInstallerAdversarial" name="test_install_fails_when_directory_is_unwritable" time="0.000"><skipped type="pytest.skip" message="Cannot run write-prevention tests as root">/workspace/service/test_installer_adversarial.py:110: Cannot run write-prevention tests as root</skipped></testcase><testcase classname="service.test_installer_adversarial.TestInstallerAdversarial" name="test_install_fails_when_file_is_readonly" time="0.000"><skipped type="pytest.skip" message="Cannot run write-prevention tests as root">/workspace/service/test_installer_adversarial.py:125: Cannot run write-prevention tests as root</skipped></testcase><testcase classname="service.test_installer_adversarial.TestInstallerAdversarial" name="test_install_handles_symlink_correctly" time="0.046" /><testcase classname="service.test_installer_adversarial.TestInstallerAdversarial" name="test_xdg_runtime_dir_not_expanded_at_install_time" time="0.042" /><testcase classname="service.test_installer_config.TestInstallerConfig" name="test_installer_iss_valid" time="0.001" /><testcase classname="service.test_installer_config.TestInstallerConfig" name="test_workflow_yaml_valid" time="0.011" /><testcase classname="service.test_installer_mock.TestInstallerMock" name="test_installer_with_spacenavd_absent" time="0.045" /><testcase classname="service.test_installer_mock.TestInstallerMock" name="test_installer_with_spacenavd_present" time="0.053" /><testcase classname="service.test_linapse_socket.TestLinapseSocket" name="test_coordinate_parsing_and_swapping" time="0.001" /><testcase classname="service.test_linapse_socket.TestLinapseSocket" name="test_directional_sensitivity_and_inversion" time="0.001" /><testcase classname="service.test_linapse_socket.TestLinapseSocket" name="test_friendly_key_combo_translation" time="0.000" /><testcase classname="service.test_linapse_socket.TestLinapseSocket" name="test_socket_server_and_broadcast" time="0.101" /><testcase classname="service.test_linapse_socket_stress.TestLinapseSocketStress" name="test_concurrent_client_connections" time="0.306" /><testcase classname="service.test_linapse_socket_stress.TestLinapseSocketStress" name="test_high_frequency_packet_broadcasts" time="0.806" /><testcase classname="service.test_linapse_socket_stress.TestLinapseSocketStress" name="test_invalid_serial_strings" time="0.001" /><testcase classname="service.test_linapse_socket_stress.TestLinapseSocketStress" name="test_shutdown_cleanup" time="0.051" /><testcase classname="service.test_linapse_socket_stress.TestLinapseSocketStress" name="test_slow_client_handling" time="1.138" /><testcase classname="service.test_m1_adversarial_bugfix.TestModesAdversarial" name="test_corrupt_json_file_handling" time="0.001" /><testcase classname="service.test_m1_adversarial_bugfix.TestModesAdversarial" name="test_rapid_mode_switching_corruption_risk" time="0.243" /><testcase classname="service.test_m3_adversarial" name="test_m3_browser_media_suppression" time="1.005" /><testcase classname="service.test_m3_adversarial" name="test_m3_button_mapping" time="1.004" /><testcase classname="service.test_m3_adversarial" name="test_m3_accumulator_stress_boundaries" time="1.004" /><testcase classname="service.test_m3_adversarial" name="test_m3_websocket_origin_check" time="1.004" /><testcase classname="service.test_m3_challenger_verification" name="test_challenger_6dof_suppression" time="1.004" /><testcase classname="service.test_m3_challenger_verification" name="test_challenger_accumulator_boundary_stress" time="1.004" /><testcase classname="service.test_m3_challenger_verification" name="test_challenger_button_mapping" time="1.004" /><testcase classname="service.test_m5_adversarial.TestMilestone5Adversarial" name="test_concurrent_connections_leak_check" time="0.259" /><testcase classname="service.test_m5_adversarial.TestMilestone5Adversarial" name="test_delayed_socket_creation" time="0.202" /><testcase classname="service.test_m5_adversarial.TestMilestone5Adversarial" name="test_event_loop_responsiveness_packet_flood" time="0.543" /><testcase classname="service.test_m5_adversarial.TestMilestone5Adversarial" name="test_invalid_input_to_unix_socket" time="0.152" /><testcase classname="service.test_multi_click" name="test_multi_click_detection" time="0.752" /><testcase classname="service.test_multi_click" name="test_legacy_button_fallback" time="0.401" /><testcase classname="service.test_multi_click" name="test_media_action_dispatch" time="0.201" /><testcase classname="service.test_playwright_benchy" name="test_benchy_viewport_motion_and_toasts" time="0.000"><skipped type="pytest.skip" message="Playwright not installed">/workspace/service/test_playwright_benchy.py:147: Playwright not installed</skipped></testcase><testcase classname="service.test_signal_integration" name="test_motion_bounds_scaling_inversion_and_invalid" time="1.004" /><testcase classname="service.test_signal_integration" name="test_websocket_server_integration" time="1.004" /><testcase classname="service.test_signal_integration" name="test_websocket_volume_eq_integration" time="1.004" /><testcase classname="service.test_signal_integration" name="test_button_chord_timing_debouncing" time="1.004" /><testcase classname="service.test_signal_integration" name="test_tap_configuration_actions" time="1.003" /><testcase classname="service.test_signal_integration" name="test_config_reloading_on_file_change" time="1.003" /><testcase classname="service.test_signal_integration" name="test_modes_feature_integration" time="1.004" /><testcase classname="service.test_signal_integration" name="test_browser_and_media_modes" time="1.004" /><testcase classname="service.test_signal_integration_stress" name="test_fixture_rapid_restarts" time="20.474" /><testcase classname="service.test_signal_integration_stress" name="test_high_frequency_packet_load" time="1.004" /><testcase classname="service.test_signal_integration_stress" name="test_timer_race_leak_on_teardown" time="1.154" /><testcase classname="service.test_stress.TestAdversarialStress" name="test_concurrent_connections" time="0.208" /><testcase classname="service.test_stress.TestAdversarialStress" name="test_invalid_serial_strings" time="0.000" /><testcase classname="service.test_stress.TestAdversarialStress" name="test_sigint_cleanup" time="5.461" /><testcase classname="service.test_stress.TestAdversarialStress" name="test_sigterm_cleanup" time="5.120" /><testcase classname="service.test_stress.TestAdversarialStress" name="test_slow_client_concurrency_issue" time="0.581" /><testcase classname="service.test_stress.TestAdversarialStress" name="test_slow_client_dos_fast_client" time="0.102" /><testcase classname="service.test_userscript_headers" name="test_userscript_metadata_headers" time="0.000" /></testsuite></testsuites>