============================= test session starts ==============================
platform linux -- Python 3.11.2, pytest-9.1.1, pluggy-1.6.0
rootdir: /workspace
plugins: anyio-4.14.0
collected 72 items

service/test_browser_bridge.py ...                                       [  4%]
service/test_browser_extension.py ....                                   [  9%]
service/test_cross_platform.py .....                                     [ 16%]
service/test_installer_adversarial.py ss..                               [ 22%]
service/test_installer_config.py ..                                      [ 25%]
service/test_installer_mock.py FF                                        [ 27%]
service/test_linapse_socket.py ....                                      [ 33%]
service/test_linapse_socket_stress.py .....                              [ 40%]
service/test_m1_adversarial_bugfix.py ..                                 [ 43%]
service/test_m3_adversarial.py EEEE                                      [ 48%]
service/test_m3_challenger_verification.py E
INTERNALERROR> Traceback (most recent call last):
INTERNALERROR>   File "/usr/local/lib/python3.11/dist-packages/_pytest/main.py", line 330, in wrap_session
INTERNALERROR>     session.exitstatus = doit(config, session) or 0
INTERNALERROR>                          ^^^^^^^^^^^^^^^^^^^^^
INTERNALERROR>   File "/usr/local/lib/python3.11/dist-packages/_pytest/main.py", line 384, in _main
INTERNALERROR>     config.hook.pytest_runtestloop(session=session)
INTERNALERROR>   File "/usr/local/lib/python3.11/dist-packages/pluggy/_hooks.py", line 512, in __call__
INTERNALERROR>     return self._hookexec(self.name, self._hookimpls.copy(), kwargs, firstresult)
INTERNALERROR>            ^^^^^^^^^^^^^^^^^^^^^^^^^^^^^^^^^^^^^^^^^^^^^^^^^^^^^^^^^^^^^^^^^^^^^^
INTERNALERROR>   File "/usr/local/lib/python3.11/dist-packages/pluggy/_manager.py", line 120, in _hookexec
INTERNALERROR>     return self._inner_hookexec(hook_name, methods, kwargs, firstresult)
INTERNALERROR>            ^^^^^^^^^^^^^^^^^^^^^^^^^^^^^^^^^^^^^^^^^^^^^^^^^^^^^^^^^^^^^
INTERNALERROR>   File "/usr/local/lib/python3.11/dist-packages/pluggy/_callers.py", line 167, in _multicall
INTERNALERROR>     raise exception
INTERNALERROR>   File "/usr/local/lib/python3.11/dist-packages/pluggy/_callers.py", line 139, in _multicall
INTERNALERROR>     teardown.throw(exception)
INTERNALERROR>   File "/usr/local/lib/python3.11/dist-packages/_pytest/logging.py", line 816, in pytest_runtestloop
INTERNALERROR>     return (yield)  # Run all the tests.
INTERNALERROR>             ^^^^^
INTERNALERROR>   File "/usr/local/lib/python3.11/dist-packages/pluggy/_callers.py", line 139, in _multicall
INTERNALERROR>     teardown.throw(exception)
INTERNALERROR>   File "/usr/local/lib/python3.11/dist-packages/_pytest/terminal.py", line 708, in pytest_runtestloop
INTERNALERROR>     result = yield
INTERNALERROR>              ^^^^^
INTERNALERROR>   File "/usr/local/lib/python3.11/dist-packages/pluggy/_callers.py", line 121, in _multicall
INTERNALERROR>     res = hook_impl.function(*args)
INTERNALERROR>           ^^^^^^^^^^^^^^^^^^^^^^^^^
INTERNALERROR>   File "/usr/local/lib/python3.11/dist-packages/_pytest/main.py", line 408, in pytest_runtestloop
INTERNALERROR>     item.config.hook.pytest_runtest_protocol(item=item, nextitem=nextitem)
INTERNALERROR>   File "/usr/local/lib/python3.11/dist-packages/pluggy/_hooks.py", line 512, in __call__
INTERNALERROR>     return self._hookexec(self.name, self._hookimpls.copy(), kwargs, firstresult)
INTERNALERROR>            ^^^^^^^^^^^^^^^^^^^^^^^^^^^^^^^^^^^^^^^^^^^^^^^^^^^^^^^^^^^^^^^^^^^^^^
INTERNALERROR>   File "/usr/local/lib/python3.11/dist-packages/pluggy/_manager.py", line 120, in _hookexec
INTERNALERROR>     return self._inner_hookexec(hook_name, methods, kwargs, firstresult)
INTERNALERROR>            ^^^^^^^^^^^^^^^^^^^^^^^^^^^^^^^^^^^^^^^^^^^^^^^^^^^^^^^^^^^^^
INTERNALERROR>   File "/usr/local/lib/python3.11/dist-packages/pluggy/_callers.py", line 167, in _multicall
INTERNALERROR>     raise exception
INTERNALERROR>   File "/usr/local/lib/python3.11/dist-packages/pluggy/_callers.py", line 139, in _multicall
INTERNALERROR>     teardown.throw(exception)
INTERNALERROR>   File "/usr/local/lib/python3.11/dist-packages/_pytest/warnings.py", line 90, in pytest_runtest_protocol
INTERNALERROR>     return (yield)
INTERNALERROR>             ^^^^^
INTERNALERROR>   File "/usr/local/lib/python3.11/dist-packages/pluggy/_callers.py", line 139, in _multicall
INTERNALERROR>     teardown.throw(exception)
INTERNALERROR>   File "/usr/local/lib/python3.11/dist-packages/_pytest/assertion/__init__.py", line 205, in pytest_runtest_protocol
INTERNALERROR>     return (yield)
INTERNALERROR>             ^^^^^
INTERNALERROR>   File "/usr/local/lib/python3.11/dist-packages/pluggy/_callers.py", line 139, in _multicall
INTERNALERROR>     teardown.throw(exception)
INTERNALERROR>   File "/usr/local/lib/python3.11/dist-packages/_pytest/unittest.py", line 612, in pytest_runtest_protocol
INTERNALERROR>     return (yield)
INTERNALERROR>             ^^^^^
INTERNALERROR>   File "/usr/local/lib/python3.11/dist-packages/pluggy/_callers.py", line 139, in _multicall
INTERNALERROR>     teardown.throw(exception)
INTERNALERROR>   File "/usr/local/lib/python3.11/dist-packages/_pytest/faulthandler.py", line 102, in pytest_runtest_protocol
INTERNALERROR>     return (yield)
INTERNALERROR>             ^^^^^
INTERNALERROR>   File "/usr/local/lib/python3.11/dist-packages/pluggy/_callers.py", line 121, in _multicall
INTERNALERROR>     res = hook_impl.function(*args)
INTERNALERROR>           ^^^^^^^^^^^^^^^^^^^^^^^^^
INTERNALERROR>   File "/usr/local/lib/python3.11/dist-packages/_pytest/runner.py", line 118, in pytest_runtest_protocol
INTERNALERROR>     runtestprotocol(item, nextitem=nextitem)
INTERNALERROR>   File "/usr/local/lib/python3.11/dist-packages/_pytest/runner.py", line 132, in runtestprotocol
INTERNALERROR>     rep = call_and_report(item, "setup", log)
INTERNALERROR>           ^^^^^^^^^^^^^^^^^^^^^^^^^^^^^^^^^^^
INTERNALERROR>   File "/usr/local/lib/python3.11/dist-packages/_pytest/runner.py", line 254, in call_and_report
INTERNALERROR>     report: TestReport = ihook.pytest_runtest_makereport(item=item, call=call)
INTERNALERROR>                          ^^^^^^^^^^^^^^^^^^^^^^^^^^^^^^^^^^^^^^^^^^^^^^^^^^^^^
INTERNALERROR>   File "/usr/local/lib/python3.11/dist-packages/pluggy/_hooks.py", line 512, in __call__
INTERNALERROR>     return self._hookexec(self.name, self._hookimpls.copy(), kwargs, firstresult)
INTERNALERROR>            ^^^^^^^^^^^^^^^^^^^^^^^^^^^^^^^^^^^^^^^^^^^^^^^^^^^^^^^^^^^^^^^^^^^^^^
INTERNALERROR>   File "/usr/local/lib/python3.11/dist-packages/pluggy/_manager.py", line 120, in _hookexec
INTERNALERROR>     return self._inner_hookexec(hook_name, methods, kwargs, firstresult)
INTERNALERROR>            ^^^^^^^^^^^^^^^^^^^^^^^^^^^^^^^^^^^^^^^^^^^^^^^^^^^^^^^^^^^^^
INTERNALERROR>   File "/usr/local/lib/python3.11/dist-packages/pluggy/_callers.py", line 167, in _multicall
INTERNALERROR>     raise exception
INTERNALERROR>   File "/usr/local/lib/python3.11/dist-packages/pluggy/_callers.py", line 139, in _multicall
INTERNALERROR>     teardown.throw(exception)
INTERNALERROR>   File "/usr/local/lib/python3.11/dist-packages/_pytest/tmpdir.py", line 347, in pytest_runtest_makereport
INTERNALERROR>     rep = yield
INTERNALERROR>           ^^^^^
INTERNALERROR>   File "/usr/local/lib/python3.11/dist-packages/pluggy/_callers.py", line 139, in _multicall
INTERNALERROR>     teardown.throw(exception)
INTERNALERROR>   File "/usr/local/lib/python3.11/dist-packages/_pytest/skipping.py", line 280, in pytest_runtest_makereport
INTERNALERROR>     rep = yield
INTERNALERROR>           ^^^^^
INTERNALERROR>   File "/usr/local/lib/python3.11/dist-packages/pluggy/_callers.py", line 121, in _multicall
INTERNALERROR>     res = hook_impl.function(*args)
INTERNALERROR>           ^^^^^^^^^^^^^^^^^^^^^^^^^
INTERNALERROR>   File "/usr/local/lib/python3.11/dist-packages/_pytest/runner.py", line 385, in pytest_runtest_makereport
INTERNALERROR>     return TestReport.from_item_and_call(item, call)
INTERNALERROR>            ^^^^^^^^^^^^^^^^^^^^^^^^^^^^^^^^^^^^^^^^^
INTERNALERROR>   File "/usr/local/lib/python3.11/dist-packages/_pytest/reports.py", line 438, in from_item_and_call
INTERNALERROR>     longrepr = _format_failed_longrepr(item, call, excinfo)
INTERNALERROR>                ^^^^^^^^^^^^^^^^^^^^^^^^^^^^^^^^^^^^^^^^^^^^
INTERNALERROR>   File "/usr/local/lib/python3.11/dist-packages/_pytest/reports.py", line 266, in _format_failed_longrepr
INTERNALERROR>     longrepr = item._repr_failure_py(
INTERNALERROR>                ^^^^^^^^^^^^^^^^^^^^^^
INTERNALERROR>   File "/usr/local/lib/python3.11/dist-packages/_pytest/nodes.py", line 448, in _repr_failure_py
INTERNALERROR>     return excinfo.getrepr(
INTERNALERROR>            ^^^^^^^^^^^^^^^^
INTERNALERROR>   File "/usr/local/lib/python3.11/dist-packages/_pytest/_code/code.py", line 774, in getrepr
INTERNALERROR>     return fmt.repr_excinfo(self)
INTERNALERROR>            ^^^^^^^^^^^^^^^^^^^^^^
/usr/local/lib/python3.11/dist-packages/_pytest/unraisableexception.py:67: PytestUnraisableExceptionWarning: Exception ignored in: <coroutine object main at 0x7f0f7f345800>

Traceback (most recent call last):
  File "/workspace/service/linapse-service", line 280, in main
    async with websockets.serve(handler, WS_HOST, WS_PORT):
GeneratorExit

During handling of the above exception, another exception occurred:

Traceback (most recent call last):
  File "/workspace/service/linapse-service", line 288, in main
    await browser_bridge_task
  File "/workspace/service/linapse/browser_bridge.py", line 102, in serve
    await server.serve()
  File "/usr/local/lib/python3.11/dist-packages/uvicorn/server.py", line 79, in serve
    await self._serve(sockets)
  File "/usr/local/lib/python3.11/dist-packages/uvicorn/server.py", line 94, in _serve
    await self.startup(sockets=sockets)
  File "/usr/local/lib/python3.11/dist-packages/uvicorn/server.py", line 182, in startup
    sys.exit(1)
SystemExit: 1

Enable tracemalloc to get traceback where the object was allocated.
See https://docs.pytest.org/en/stable/how-to/capture-warnings.html#resource-warnings for more info.
  warnings.warn(pytest.PytestUnraisableExceptionWarning(msg))
/usr/local/lib/python3.11/dist-packages/_pytest/unraisableexception.py:67: PytestUnraisableExceptionWarning: Exception ignored in: <coroutine object serial_writer at 0x7f0f61df0310>

Traceback (most recent call last):
  File "/usr/lib/python3.11/asyncio/queues.py", line 158, in get
    await getter
GeneratorExit

During handling of the above exception, another exception occurred:

Traceback (most recent call last):
  File "/workspace/service/linapse-service", line 219, in serial_writer
    cmd = await state.serial_queue.get()
          ^^^^^^^^^^^^^^^^^^^^^^^^^^^^^^
  File "/usr/lib/python3.11/asyncio/queues.py", line 160, in get
    getter.cancel()  # Just in case getter is not done yet.
    ^^^^^^^^^^^^^^^
  File "/usr/lib/python3.11/asyncio/base_events.py", line 761, in call_soon
    self._check_closed()
  File "/usr/lib/python3.11/asyncio/base_events.py", line 519, in _check_closed
    raise RuntimeError('Event loop is closed')
RuntimeError: Event loop is closed

Enable tracemalloc to get traceback where the object was allocated.
See https://docs.pytest.org/en/stable/how-to/capture-warnings.html#resource-warnings for more info.
  warnings.warn(pytest.PytestUnraisableExceptionWarning(msg))
INTERNALERROR>   File "/usr/local/lib/python3.11/dist-packages/_pytest/_code/code.py", line 1224, in repr_excinfo
INTERNALERROR>     reprtraceback = self.repr_traceback(excinfo_)
INTERNALERROR>                     ^^^^^^^^^^^^^^^^^^^^^^^^^^^^^
INTERNALERROR>   File "/usr/local/lib/python3.11/dist-packages/_pytest/_code/code.py", line 1149, in repr_traceback
INTERNALERROR>     entries = [
INTERNALERROR>               ^
INTERNALERROR>   File "/usr/local/lib/python3.11/dist-packages/_pytest/_code/code.py", line 1150, in <listcomp>
INTERNALERROR>     self.repr_traceback_entry(entry, excinfo if last == entry else None)
INTERNALERROR>   File "/usr/local/lib/python3.11/dist-packages/_pytest/_code/code.py", line 1080, in repr_traceback_entry
INTERNALERROR>     source = self._getentrysource(entry)
INTERNALERROR>              ^^^^^^^^^^^^^^^^^^^^^^^^^^^
INTERNALERROR>   File "/usr/local/lib/python3.11/dist-packages/_pytest/_code/code.py", line 916, in _getentrysource
INTERNALERROR>     source = entry.getsource(self.astcache)
INTERNALERROR>              ^^^^^^^^^^^^^^^^^^^^^^^^^^^^^^
INTERNALERROR>   File "/usr/local/lib/python3.11/dist-packages/_pytest/_code/code.py", line 302, in getsource
INTERNALERROR>     astnode, _, end = getstatementrange_ast(
INTERNALERROR>                       ^^^^^^^^^^^^^^^^^^^^^^
INTERNALERROR>   File "/usr/local/lib/python3.11/dist-packages/_pytest/_code/source.py", line 193, in getstatementrange_ast
INTERNALERROR>     astnode = ast.parse(content, "source", "exec")
INTERNALERROR>               ^^^^^^^^^^^^^^^^^^^^^^^^^^^^^^^^^^^^
INTERNALERROR>   File "/usr/lib/python3.11/ast.py", line 50, in parse
INTERNALERROR>     return compile(source, filename, mode, flags,
INTERNALERROR>            ^^^^^^^^^^^^^^^^^^^^^^^^^^^^^^^^^^^^^^
INTERNALERROR> SystemError: AST constructor recursion depth mismatch (before=117, after=136)
Traceback (most recent call last):
  File "/usr/local/bin/pytest", line 8, in <module>
    sys.exit(_console_main())
             ^^^^^^^^^^^^^^^
  File "/usr/local/lib/python3.11/dist-packages/_pytest/config/__init__.py", line 253, in _console_main
    code = _main(prog=_get_prog_name(sys.argv))
           ^^^^^^^^^^^^^^^^^^^^^^^^^^^^^^^^^^^^
  File "/usr/local/lib/python3.11/dist-packages/_pytest/config/__init__.py", line 229, in _main
    ret: ExitCode | int = config.hook.pytest_cmdline_main(config=config)
                          ^^^^^^^^^^^^^^^^^^^^^^^^^^^^^^^^^^^^^^^^^^^^^^
  File "/usr/local/lib/python3.11/dist-packages/pluggy/_hooks.py", line 512, in __call__
    return self._hookexec(self.name, self._hookimpls.copy(), kwargs, firstresult)
           ^^^^^^^^^^^^^^^^^^^^^^^^^^^^^^^^^^^^^^^^^^^^^^^^^^^^^^^^^^^^^^^^^^^^^^
  File "/usr/local/lib/python3.11/dist-packages/pluggy/_manager.py", line 120, in _hookexec
    return self._inner_hookexec(hook_name, methods, kwargs, firstresult)
           ^^^^^^^^^^^^^^^^^^^^^^^^^^^^^^^^^^^^^^^^^^^^^^^^^^^^^^^^^^^^^
  File "/usr/local/lib/python3.11/dist-packages/pluggy/_callers.py", line 167, in _multicall
    raise exception
  File "/usr/local/lib/python3.11/dist-packages/pluggy/_callers.py", line 121, in _multicall
    res = hook_impl.function(*args)
          ^^^^^^^^^^^^^^^^^^^^^^^^^
  File "/usr/local/lib/python3.11/dist-packages/_pytest/main.py", line 377, in pytest_cmdline_main
    return wrap_session(config, _main)
           ^^^^^^^^^^^^^^^^^^^^^^^^^^^
  File "/usr/local/lib/python3.11/dist-packages/_pytest/main.py", line 365, in wrap_session
    config.hook.pytest_sessionfinish(
  File "/usr/local/lib/python3.11/dist-packages/pluggy/_hooks.py", line 512, in __call__
    return self._hookexec(self.name, self._hookimpls.copy(), kwargs, firstresult)
           ^^^^^^^^^^^^^^^^^^^^^^^^^^^^^^^^^^^^^^^^^^^^^^^^^^^^^^^^^^^^^^^^^^^^^^
  File "/usr/local/lib/python3.11/dist-packages/pluggy/_manager.py", line 120, in _hookexec
    return self._inner_hookexec(hook_name, methods, kwargs, firstresult)
           ^^^^^^^^^^^^^^^^^^^^^^^^^^^^^^^^^^^^^^^^^^^^^^^^^^^^^^^^^^^^^
  File "/usr/local/lib/python3.11/dist-packages/pluggy/_callers.py", line 167, in _multicall
    raise exception
  File "/usr/local/lib/python3.11/dist-packages/pluggy/_callers.py", line 139, in _multicall
    teardown.throw(exception)
  File "/usr/local/lib/python3.11/dist-packages/_pytest/logging.py", line 888, in pytest_sessionfinish
    return (yield)
            ^^^^^
  File "/usr/local/lib/python3.11/dist-packages/pluggy/_callers.py", line 139, in _multicall
    teardown.throw(exception)
  File "/usr/local/lib/python3.11/dist-packages/_pytest/terminal.py", line 961, in pytest_sessionfinish
    result = yield
             ^^^^^
  File "/usr/local/lib/python3.11/dist-packages/pluggy/_callers.py", line 139, in _multicall
    teardown.throw(exception)
  File "/usr/local/lib/python3.11/dist-packages/_pytest/warnings.py", line 119, in pytest_sessionfinish
    return (yield)
            ^^^^^
  File "/usr/local/lib/python3.11/dist-packages/pluggy/_callers.py", line 121, in _multicall
    res = hook_impl.function(*args)
          ^^^^^^^^^^^^^^^^^^^^^^^^^
  File "/usr/local/lib/python3.11/dist-packages/_pytest/runner.py", line 112, in pytest_sessionfinish
    session._setupstate.teardown_exact(None)
  File "/usr/local/lib/python3.11/dist-packages/_pytest/runner.py", line 579, in teardown_exact
    raise exceptions[0]
  File "/usr/local/lib/python3.11/dist-packages/_pytest/runner.py", line 568, in teardown_exact
    fin()
  File "/usr/local/lib/python3.11/dist-packages/_pytest/fixtures.py", line 1166, in finish
    raise exceptions[0]
  File "/usr/local/lib/python3.11/dist-packages/_pytest/fixtures.py", line 1156, in finish
    fin()
  File "/usr/local/lib/python3.11/dist-packages/_pytest/fixtures.py", line 1014, in _teardown_yield_fixture
    next(it)
  File "/usr/local/lib/python3.11/dist-packages/_pytest/tmpdir.py", line 305, in tmp_path
    result_dict = request.node.stash[tmppath_result_key]
                  ~~~~~~~~~~~~~~~~~~^^^^^^^^^^^^^^^^^^^^
  File "/usr/local/lib/python3.11/dist-packages/_pytest/stash.py", line 84, in __getitem__
    return cast(T, self._storage[key])
                   ~~~~~~~~~~~~~^^^^^
KeyError: <_pytest.stash.StashKey object at 0x7f0f803683a0>
