============================= test session starts ==============================
platform linux -- Python 3.12.3, pytest-9.1.1, pluggy-1.6.0
rootdir: /workspace
plugins: anyio-4.14.2
collected 138 items

service/test_browser_bridge.py .....                                     [  3%]
service/test_browser_extension.py ....                                   [  6%]
service/test_controller2d.py .                                           [  7%]
service/test_controller_cycle.py ....                                    [ 10%]
service/test_controller_mode.py ...........                              [ 18%]
service/test_cross_platform.py .....                                     [ 21%]
service/test_hid_stuck_button.py ...                                     [ 23%]
service/test_installer_adversarial.py ss..                               [ 26%]
service/test_installer_config.py ..                                      [ 28%]
service/test_installer_mock.py ..                                        [ 29%]
service/test_linapse_socket.py ....                                      [ 32%]
service/test_linapse_socket_stress.py .....                              [ 36%]
service/test_m1_adversarial_bugfix.py ..                                 [ 37%]
service/test_m3_adversarial.py ....                                      [ 40%]
service/test_m3_challenger_verification.py ...                           [ 42%]
service/test_m5_adversarial.py ....                                      [ 45%]
service/test_mode_notify.py .                                            [ 46%]
service/test_multi_click.py ....                                         [ 49%]
service/test_playwright_benchy.py ...................................... [ 76%]
.                                                                        [ 77%]
service/test_serial_buttons.py .......                                   [ 82%]
service/test_signal_integration.py .F........                            [ 89%]
service/test_signal_integration_stress.py F.F                            [ 92%]
service/test_stress.py ......                                            [ 96%]
service/test_updater.py .....                                            [100%]

=================================== FAILURES ===================================
______________________ test_websocket_server_integration _______________________
/usr/lib/python3.12/asyncio/tasks.py:520: in wait_for
    return await fut
           ^^^^^^^^^
/usr/local/lib/python3.12/dist-packages/websockets/asyncio/connection.py:305: in recv
    return await self.recv_messages.get(decode)
           ^^^^^^^^^^^^^^^^^^^^^^^^^^^^^^^^^^^^
/usr/local/lib/python3.12/dist-packages/websockets/asyncio/messages.py:158: in get
    frame = await self.frames.get(not self.closed)
            ^^^^^^^^^^^^^^^^^^^^^^^^^^^^^^^^^^^^^^
/usr/local/lib/python3.12/dist-packages/websockets/asyncio/messages.py:51: in get
    await self.get_waiter
E   asyncio.exceptions.CancelledError

The above exception was the direct cause of the following exception:
service/test_signal_integration.py:461: in test_websocket_server_integration
    loop.run_until_complete(run())
/usr/lib/python3.12/asyncio/base_events.py:687: in run_until_complete
    return future.result()
           ^^^^^^^^^^^^^^^
service/test_signal_integration.py:452: in run
    response = await asyncio.wait_for(ws.recv(), timeout=1.0)
               ^^^^^^^^^^^^^^^^^^^^^^^^^^^^^^^^^^^^^^^^^^^^^^
/usr/lib/python3.12/asyncio/tasks.py:519: in wait_for
    async with timeouts.timeout(timeout):
/usr/lib/python3.12/asyncio/timeouts.py:115: in __aexit__
    raise TimeoutError from exc_val
E   TimeoutError
---------------------------- Captured stdout setup -----------------------------
[actions] migrated and saved to <test_signal_integration.MockPathObj object at 0x7fdb503f5340>
[config] reloaded <test_signal_integration.MockPathObj object at 0x7fdb503f5340>
[sock] server starting on /tmp/pytest-of-root/pytest-0/test_websocket_server_integrat0/spnav.sock
[ws] server starting on ws://localhost:36469
[serial] connected to /dev/ttyACM0
----------------------------- Captured stdout call -----------------------------
[ws] client connected (1 total)
[config] saved <test_signal_integration.MockPathObj object at 0x7fdb503f5340>
[actions] migrated and saved to <test_signal_integration.MockPathObj object at 0x7fdb503f5340>
[config] reloaded <test_signal_integration.MockPathObj object at 0x7fdb503f5340>
[config] reloaded <test_signal_integration.MockPathObj object at 0x7fdb503f5340>
[ws] client disconnected (0 total)
--------------------------- Captured stdout teardown ---------------------------
[sock] server shutting down
_________________________ test_fixture_rapid_restarts __________________________
service/test_signal_integration_stress.py:229: in test_fixture_rapid_restarts
    assert fd_diff <= 2, f"FD/Socket leak detected! Leaked {fd_diff} FDs"
E   AssertionError: FD/Socket leak detected! Leaked 21 FDs
E   assert 21 <= 2
----------------------------- Captured stdout call -----------------------------

--- Starting rapid fixture restart stress test ---
[actions] migrated and saved to <test_signal_integration.MockPathObj object at 0x7fdb50630140>
[sock] server starting on /tmp/pytest-of-root/pytest-0/test_fixture_rapid_restarts0/spnav.sock
[ws] server starting on ws://localhost:57603
[config] reloaded <test_signal_integration.MockPathObj object at 0x7fdb50630140>
[serial] connected to /dev/ttyACM0
[sock] client connected (1 total)
[sock] client disconnected (0 total)
[sock] server shutting down
[actions] migrated and saved to <test_signal_integration.MockPathObj object at 0x7fdb50409430>
[config] reloaded <test_signal_integration.MockPathObj object at 0x7fdb50409430>
[sock] server starting on /tmp/pytest-of-root/pytest-0/test_fixture_rapid_restarts0/spnav.sock
[ws] server starting on ws://localhost:57857
[serial] connected to /dev/ttyACM0
[sock] client connected (1 total)
[sock] client disconnected (0 total)
[sock] server shutting down
[actions] migrated and saved to <test_signal_integration.MockPathObj object at 0x7fdb503ceba0>
[config] reloaded <test_signal_integration.MockPathObj object at 0x7fdb503ceba0>
[sock] server starting on /tmp/pytest-of-root/pytest-0/test_fixture_rapid_restarts0/spnav.sock
[ws] server starting on ws://localhost:36229
[serial] connected to /dev/ttyACM0
[sock] client connected (1 total)
[sock] client disconnected (0 total)
[sock] server shutting down
[actions] migrated and saved to <test_signal_integration.MockPathObj object at 0x7fdb48e3c620>
[sock] server starting on /tmp/pytest-of-root/pytest-0/test_fixture_rapid_restarts0/spnav.sock
[config] reloaded <test_signal_integration.MockPathObj object at 0x7fdb48e3c620>
[ws] server starting on ws://localhost:49841
[serial] connected to /dev/ttyACM0
[sock] client connected (1 total)
[sock] client disconnected (0 total)
[sock] server shutting down
[actions] migrated and saved to <test_signal_integration.MockPathObj object at 0x7fdb503f5b80>
[config] reloaded <test_signal_integration.MockPathObj object at 0x7fdb503f5b80>[sock] server starting on /tmp/pytest-of-root/pytest-0/test_fixture_rapid_restarts0/spnav.sock
[ws] server starting on ws://localhost:49525

[serial] connected to /dev/ttyACM0
[sock] client connected (1 total)
[sock] client disconnected (0 total)
[sock] server shutting down
[actions] migrated and saved to <test_signal_integration.MockPathObj object at 0x7fdb48d74800>
[config] reloaded <test_signal_integration.MockPathObj object at 0x7fdb48d74800>
[sock] server starting on /tmp/pytest-of-root/pytest-0/test_fixture_rapid_restarts0/spnav.sock
[ws] server starting on ws://localhost:44833
[serial] connected to /dev/ttyACM0
[sock] client connected (1 total)
[sock] client disconnected (0 total)
[sock] server shutting down
[actions] migrated and saved to <test_signal_integration.MockPathObj object at 0x7fdb505e0740>
[sock] server starting on /tmp/pytest-of-root/pytest-0/test_fixture_rapid_restarts0/spnav.sock
[config] reloaded <test_signal_integration.MockPathObj object at 0x7fdb505e0740>
[ws] server starting on ws://localhost:56673
[serial] connected to /dev/ttyACM0
[sock] client connected (1 total)
[sock] client disconnected (0 total)
[sock] server shutting down
[actions] migrated and saved to <test_signal_integration.MockPathObj object at 0x7fdb48ed9f10>
[config] reloaded <test_signal_integration.MockPathObj object at 0x7fdb48ed9f10>
[sock] server starting on /tmp/pytest-of-root/pytest-0/test_fixture_rapid_restarts0/spnav.sock
[ws] server starting on ws://localhost:37285
[serial] connected to /dev/ttyACM0
[sock] client connected (1 total)
[sock] client disconnected (0 total)
[sock] server shutting down
[actions] migrated and saved to <test_signal_integration.MockPathObj object at 0x7fdb5062a570>
[config] reloaded <test_signal_integration.MockPathObj object at 0x7fdb5062a570>
[sock] server starting on /tmp/pytest-of-root/pytest-0/test_fixture_rapid_restarts0/spnav.sock
[ws] server starting on ws://localhost:36275
[serial] connected to /dev/ttyACM0
[sock] client connected (1 total)
[sock] client disconnected (0 total)
[sock] server shutting down
[actions] migrated and saved to <test_signal_integration.MockPathObj object at 0x7fdb5040be90>
[config] reloaded <test_signal_integration.MockPathObj object at 0x7fdb5040be90>
[sock] server starting on /tmp/pytest-of-root/pytest-0/test_fixture_rapid_restarts0/spnav.sock
[ws] server starting on ws://localhost:53445
[serial] connected to /dev/ttyACM0
[sock] client connected (1 total)
[sock] client disconnected (0 total)
[sock] server shutting down
[actions] migrated and saved to <test_signal_integration.MockPathObj object at 0x7fdb48d075c0>
[config] reloaded <test_signal_integration.MockPathObj object at 0x7fdb48d075c0>
[sock] server starting on /tmp/pytest-of-root/pytest-0/test_fixture_rapid_restarts0/spnav.sock
[ws] server starting on ws://localhost:39801
[serial] connected to /dev/ttyACM0
[sock] client connected (1 total)
[sock] client disconnected (0 total)
[sock] server shutting down
[actions] migrated and saved to <test_signal_integration.MockPathObj object at 0x7fdb50386c00>
[sock] server starting on /tmp/pytest-of-root/pytest-0/test_fixture_rapid_restarts0/spnav.sock
[ws] server starting on ws://localhost:54367
[config] reloaded <test_signal_integration.MockPathObj object at 0x7fdb50386c00>
[serial] connected to /dev/ttyACM0
[sock] client connected (1 total)
[sock] client disconnected (0 total)
[sock] server shutting down
[actions] migrated and saved to <test_signal_integration.MockPathObj object at 0x7fdb48f88a70>
[config] reloaded <test_signal_integration.MockPathObj object at 0x7fdb48f88a70>
[sock] server starting on /tmp/pytest-of-root/pytest-0/test_fixture_rapid_restarts0/spnav.sock
[ws] server starting on ws://localhost:59729
[serial] connected to /dev/ttyACM0
[sock] client connected (1 total)
[sock] client disconnected (0 total)
[sock] server shutting down
[actions] migrated and saved to <test_signal_integration.MockPathObj object at 0x7fdb48ea0380>
[config] reloaded <test_signal_integration.MockPathObj object at 0x7fdb48ea0380>
[sock] server starting on /tmp/pytest-of-root/pytest-0/test_fixture_rapid_restarts0/spnav.sock
[ws] server starting on ws://localhost:43371
[serial] connected to /dev/ttyACM0
[sock] client connected (1 total)
[sock] client disconnected (0 total)
[sock] server shutting down
[actions] migrated and saved to <test_signal_integration.MockPathObj object at 0x7fdb6fcef890>
[config] reloaded <test_signal_integration.MockPathObj object at 0x7fdb6fcef890>
[sock] server starting on /tmp/pytest-of-root/pytest-0/test_fixture_rapid_restarts0/spnav.sock
[ws] server starting on ws://localhost:44367
[serial] connected to /dev/ttyACM0
[sock] client connected (1 total)
[sock] client disconnected (0 total)
[sock] server shutting down
[actions] migrated and saved to <test_signal_integration.MockPathObj object at 0x7fdb5039c7d0>
[config] reloaded <test_signal_integration.MockPathObj object at 0x7fdb5039c7d0>
[sock] server starting on /tmp/pytest-of-root/pytest-0/test_fixture_rapid_restarts0/spnav.sock
[ws] server starting on ws://localhost:58921
[serial] connected to /dev/ttyACM0
[sock] client connected (1 total)
[sock] client disconnected (0 total)
[sock] server shutting down
[actions] migrated and saved to <test_signal_integration.MockPathObj object at 0x7fdb50385550>
[config] reloaded <test_signal_integration.MockPathObj object at 0x7fdb50385550>
[sock] server starting on /tmp/pytest-of-root/pytest-0/test_fixture_rapid_restarts0/spnav.sock
[ws] server starting on ws://localhost:51765
[serial] connected to /dev/ttyACM0
[sock] client connected (1 total)
[sock] client disconnected (0 total)
[sock] server shutting down
[actions] migrated and saved to <test_signal_integration.MockPathObj object at 0x7fdb50603770>
[sock] server starting on /tmp/pytest-of-root/pytest-0/test_fixture_rapid_restarts0/spnav.sock
[ws] server starting on ws://localhost:55025
[config] reloaded <test_signal_integration.MockPathObj object at 0x7fdb50603770>
[serial] connected to /dev/ttyACM0
[sock] client connected (1 total)
[sock] client disconnected (0 total)
[sock] server shutting down
[actions] migrated and saved to <test_signal_integration.MockPathObj object at 0x7fdb48d8f830>
[config] reloaded <test_signal_integration.MockPathObj object at 0x7fdb48d8f830>
[sock] server starting on /tmp/pytest-of-root/pytest-0/test_fixture_rapid_restarts0/spnav.sock
[ws] server starting on ws://localhost:39149
[serial] connected to /dev/ttyACM0
[sock] client connected (1 total)
[sock] client disconnected (0 total)
[sock] server shutting down
[actions] migrated and saved to <test_signal_integration.MockPathObj object at 0x7fdb48d5f950>
[config] reloaded <test_signal_integration.MockPathObj object at 0x7fdb48d5f950>
[sock] server starting on /tmp/pytest-of-root/pytest-0/test_fixture_rapid_restarts0/spnav.sock
[ws] server starting on ws://localhost:55143
[serial] connected to /dev/ttyACM0
[sock] client connected (1 total)
[sock] client disconnected (0 total)
[sock] server shutting down
Initial threads: 2, Final threads: 2
Initial FDs: 33, Final FDs: 54
_______________________ test_timer_race_leak_on_teardown _______________________
service/test_signal_integration_stress.py:331: in test_timer_race_leak_on_teardown
    assert active_scroll_threads == 0, "Scroll thread leaked on teardown!"
E   AssertionError: Scroll thread leaked on teardown!
E   assert 1 == 0
----------------------------- Captured stdout call -----------------------------
[actions] migrated and saved to <test_signal_integration.MockPathObj object at 0x7fdb48fea330>
[config] reloaded <test_signal_integration.MockPathObj object at 0x7fdb48fea330>
[sock] server starting on /tmp/pytest-of-root/pytest-0/test_timer_race_leak_on_teardo0/spnav.sock
[ws] server starting on ws://localhost:45449
[serial] connected to /dev/ttyACM0
[dispatch] action: scroll_down obj: {'action': 'scroll_down'}
[sock] server shutting down
[broadcast] exception: 
After teardown: active scroll threads = 1, active timers = 1
=============================== warnings summary ===============================
service/test_controller_mode.py::test_backend_is_safe_without_device
  /usr/local/lib/python3.12/dist-packages/evdev/eventio_async.py:101: DeprecationWarning: There is no current event loop
    loop = asyncio.get_event_loop()

service/test_m3_adversarial.py::test_m3_websocket_origin_check
  /workspace/service/test_m3_adversarial.py:289: DeprecationWarning: websockets.exceptions.InvalidStatusCode is deprecated
    from websockets.exceptions import InvalidStatusCode, ConnectionClosed

service/test_m3_adversarial.py::test_m3_websocket_origin_check
  /usr/local/lib/python3.12/dist-packages/websockets/legacy/__init__.py:6: DeprecationWarning: websockets.legacy is deprecated; see https://websockets.readthedocs.io/en/stable/howto/upgrade.html for upgrade instructions
    warnings.warn(  # deprecated in 14.0 - 2024-11-09

-- Docs: https://docs.pytest.org/en/stable/how-to/capture-warnings.html
----------- generated xml file: /workspace/pytest_ubuntu_results.xml -----------
=========================== short test summary info ============================
FAILED service/test_signal_integration.py::test_websocket_server_integration
FAILED service/test_signal_integration_stress.py::test_fixture_rapid_restarts
FAILED service/test_signal_integration_stress.py::test_timer_race_leak_on_teardown
======= 3 failed, 133 passed, 2 skipped, 3 warnings in 315.31s (0:05:15) =======
