============================= test session starts ==============================
platform linux -- Python 3.14.4, pytest-9.1.1, pluggy-1.6.0
rootdir: /workspace
plugins: anyio-4.14.0
collected 72 items

service/test_browser_bridge.py ...                                       [  4%]
service/test_browser_extension.py ....                                   [  9%]
service/test_cross_platform.py .....                                     [ 16%]
service/test_installer_adversarial.py ss.F                               [ 22%]
service/test_installer_config.py ..                                      [ 25%]
service/test_installer_mock.py FF                                        [ 27%]
service/test_linapse_socket.py ....                                      [ 33%]
service/test_linapse_socket_stress.py .....                              [ 40%]
service/test_m1_adversarial_bugfix.py ..                                 [ 43%]
service/test_m3_adversarial.py ....                                      [ 48%]
service/test_m3_challenger_verification.py ...                           [ 52%]
service/test_m5_adversarial.py ....                                      [ 58%]
service/test_multi_click.py ...                                          [ 62%]
service/test_playwright_benchy.py ss                                     [ 65%]
service/test_serial_buttons.py .......                                   [ 75%]
service/test_signal_integration.py .........                             [ 87%]
service/test_signal_integration_stress.py ...                            [ 91%]
service/test_stress.py ......                                            [100%]

=================================== FAILURES ===================================
__ TestInstallerAdversarial.test_xdg_runtime_dir_not_expanded_at_install_time __
service/test_installer_adversarial.py:98: in test_xdg_runtime_dir_not_expanded_at_install_time
    self.assertEqual(result.returncode, 0, f"Installer failed: {result.stderr}")
E   AssertionError: 1 != 0 : Installer failed: Failed to connect to user scope bus via local transport: No such file or directory
E   Failed to connect to user scope bus via local transport: No such file or directory
____________ TestInstallerMock.test_installer_with_spacenavd_absent ____________
service/test_installer_mock.py:163: in test_installer_with_spacenavd_absent
    self.assertTrue(has_udev_copy, "Should copy 99-spacemouse.rules to /etc/udev")
E   AssertionError: False is not true : Should copy 99-spacemouse.rules to /etc/udev
----------------------------- Captured stdout call -----------------------------
LOGGED COMMANDS (absent): []
___________ TestInstallerMock.test_installer_with_spacenavd_present ____________
service/test_installer_mock.py:181: in test_installer_with_spacenavd_present
    self.assertTrue(stop_called, "Should stop spacenavd if it is installed")
E   AssertionError: False is not true : Should stop spacenavd if it is installed
=============================== warnings summary ===============================
service/test_m3_adversarial.py::test_m3_websocket_origin_check
  /workspace/service/test_m3_adversarial.py:284: DeprecationWarning: websockets.exceptions.InvalidStatusCode is deprecated
    from websockets.exceptions import InvalidStatusCode, ConnectionClosed

service/test_m3_adversarial.py::test_m3_websocket_origin_check
  /usr/local/lib/python3.14/dist-packages/websockets/legacy/__init__.py:6: DeprecationWarning: websockets.legacy is deprecated; see https://websockets.readthedocs.io/en/stable/howto/upgrade.html for upgrade instructions
    warnings.warn(  # deprecated in 14.0 - 2024-11-09

-- Docs: https://docs.pytest.org/en/stable/how-to/capture-warnings.html
----------- generated xml file: /workspace/pytest_ubuntu_results.xml -----------
=========================== short test summary info ============================
FAILED service/test_installer_adversarial.py::TestInstallerAdversarial::test_xdg_runtime_dir_not_expanded_at_install_time
FAILED service/test_installer_mock.py::TestInstallerMock::test_installer_with_spacenavd_absent
FAILED service/test_installer_mock.py::TestInstallerMock::test_installer_with_spacenavd_present
============= 3 failed, 65 passed, 4 skipped, 2 warnings in 59.00s =============
