============================= test session starts ==============================
platform linux -- Python 3.14.5, pytest-9.1.1, pluggy-1.6.0
rootdir: /workspace
plugins: anyio-4.14.0
collected 72 items

service/test_browser_bridge.py ...                                       [  4%]
service/test_browser_extension.py ....                                   [  9%]
service/test_cross_platform.py .....                                     [ 16%]
service/test_installer_adversarial.py ss.F                               [ 22%]
service/test_installer_config.py ..                                      [ 25%]
service/test_installer_mock.py FF                                        [ 27%]
service/test_linapse_socket.py ....                                      [ 33%]
service/test_linapse_socket_stress.py .....                              [ 40%]
service/test_m1_adversarial_bugfix.py ..                                 [ 43%]
service/test_m3_adversarial.py EEEE                                      [ 48%]
service/test_m3_challenger_verification.py [config] reloaded <test_signal_integration.MockPathObj object at 0x7fedae185810>
EEE                           [ 52%]
service/test_m5_adversarial.py ....                                      [ 58%]
service/test_multi_click.py ...                                          [ 62%]
service/test_playwright_benchy.py ss                                     [ 65%]
service/test_serial_buttons.py .......                                   [ 75%]
service/test_signal_integration.py [config] reloaded <test_signal_integration.MockPathObj object at 0x7fedae403b10>
[config] reloaded <test_signal_integration.MockPathObj object at 0x7fedae403b10>
EEEEEEEEE                             [ 87%]
service/test_signal_integration_stress.py [config] reloaded <test_signal_integration.MockPathObj object at 0x7fed8de06650>
[config] reloaded <test_signal_integration.MockPathObj object at 0x7fed8de06650>
[config] reloaded <test_signal_integration.MockPathObj object at 0x7fed8de06650>
F[config] reloaded <test_signal_integration.MockPathObj object at 0x7fed8de07100>
[config] reloaded <test_signal_integration.MockPathObj object at 0x7fed8de07100>
[config] reloaded <test_signal_integration.MockPathObj object at 0x7fed8de07100>
F[config] reloaded <test_signal_integration.MockPathObj object at 0x7fed8cbebbf0>
[config] reloaded <test_signal_integration.MockPathObj object at 0x7fed8cbebbf0>
[config] reloaded <test_signal_integration.MockPathObj object at 0x7fed8cbebbf0>
[config] reloaded <test_signal_integration.MockPathObj object at 0x7fed8cbebbf0>
[config] reloaded <test_signal_integration.MockPathObj object at 0x7fed8cbebbf0>
F                            [ 91%]
service/test_stress.py ......                                            [100%]Task was destroyed but it is pending!
task: <Task pending name='Task-114' coro=<serial_writer() running at /workspace/service/linapse-service:219> wait_for=<Future pending cb=[Task.task_wakeup()]>>
Task was destroyed but it is pending!
task: <Task pending name='Task-112' coro=<main() running at /workspace/service/linapse-service:280> wait_for=<_GatheringFuture pending cb=[Task.task_wakeup()]>>
Task exception was never retrieved
future: <Task finished name='Task-115' coro=<serve() done, defined at /workspace/service/linapse/browser_bridge.py:88> exception=SystemExit(1)>
Traceback (most recent call last):
  File "/usr/local/lib/python3.14/site-packages/uvicorn/server.py", line 172, in startup
    server = await loop.create_server(
             ^^^^^^^^^^^^^^^^^^^^^^^^^
    ...<5 lines>...
    )
    ^
  File "/usr/lib64/python3.14/asyncio/base_events.py", line 1638, in create_server
    raise OSError(err.errno, msg) from None
OSError: [Errno 98] error while attempting to bind on address ('127.51.68.120', 8181): [errno 98] address already in use

During handling of the above exception, another exception occurred:

Traceback (most recent call last):
  File "/usr/local/lib/python3.14/site-packages/_pytest/runner.py", line 361, in from_call
    result: TResult | None = func()
                             ~~~~^^
  File "/usr/local/lib/python3.14/site-packages/_pytest/runner.py", line 250, in <lambda>
    lambda: runtest_hook(item=item, **kwds),
            ~~~~~~~~~~~~^^^^^^^^^^^^^^^^^^^
  File "/usr/local/lib/python3.14/site-packages/pluggy/_hooks.py", line 512, in __call__
    return self._hookexec(self.name, self._hookimpls.copy(), kwargs, firstresult)
           ~~~~~~~~~~~~~~^^^^^^^^^^^^^^^^^^^^^^^^^^^^^^^^^^^^^^^^^^^^^^^^^^^^^^^^
  File "/usr/local/lib/python3.14/site-packages/pluggy/_manager.py", line 120, in _hookexec
    return self._inner_hookexec(hook_name, methods, kwargs, firstresult)
           ~~~~~~~~~~~~~~~~~~~~^^^^^^^^^^^^^^^^^^^^^^^^^^^^^^^^^^^^^^^^^
  File "/usr/local/lib/python3.14/site-packages/pluggy/_callers.py", line 167, in _multicall
    raise exception
  File "/usr/local/lib/python3.14/site-packages/pluggy/_callers.py", line 139, in _multicall
    teardown.throw(exception)
    ~~~~~~~~~~~~~~^^^^^^^^^^^
  File "/usr/local/lib/python3.14/site-packages/_pytest/logging.py", line 858, in pytest_runtest_setup
    yield
  File "/usr/local/lib/python3.14/site-packages/pluggy/_callers.py", line 139, in _multicall
    teardown.throw(exception)
    ~~~~~~~~~~~~~~^^^^^^^^^^^
  File "/usr/local/lib/python3.14/site-packages/_pytest/capture.py", line 895, in pytest_runtest_setup
    return (yield)
            ^^^^^
  File "/usr/local/lib/python3.14/site-packages/pluggy/_callers.py", line 121, in _multicall
    res = hook_impl.function(*args)
  File "/usr/local/lib/python3.14/site-packages/_pytest/runner.py", line 170, in pytest_runtest_setup
    item.session._setupstate.setup(item)
    ~~~~~~~~~~~~~~~~~~~~~~~~~~~~~~^^^^^^
  File "/usr/local/lib/python3.14/site-packages/_pytest/runner.py", line 536, in setup
    col.setup()
    ~~~~~~~~~^^
  File "/usr/local/lib/python3.14/site-packages/_pytest/python.py", line 1710, in setup
    self._request._fillfixtures()
    ~~~~~~~~~~~~~~~~~~~~~~~~~~~^^
  File "/usr/local/lib/python3.14/site-packages/_pytest/fixtures.py", line 806, in _fillfixtures
    item.funcargs[argname] = self.getfixturevalue(argname)
                             ~~~~~~~~~~~~~~~~~~~~^^^^^^^^^
  File "/usr/local/lib/python3.14/site-packages/_pytest/fixtures.py", line 630, in getfixturevalue
    fixturedef = self._get_active_fixturedef(argname)
  File "/usr/local/lib/python3.14/site-packages/_pytest/fixtures.py", line 726, in _get_active_fixturedef
    fixturedef.execute(request=subrequest)
    ~~~~~~~~~~~~~~~~~~^^^^^^^^^^^^^^^^^^^^
  File "/usr/local/lib/python3.14/site-packages/_pytest/fixtures.py", line 1232, in execute
    result: FixtureValue = ihook.pytest_fixture_setup(
                           ~~~~~~~~~~~~~~~~~~~~~~~~~~^
        fixturedef=self, request=request
        ^^^^^^^^^^^^^^^^^^^^^^^^^^^^^^^^
    )
    ^
  File "/usr/local/lib/python3.14/site-packages/pluggy/_hooks.py", line 512, in __call__
    return self._hookexec(self.name, self._hookimpls.copy(), kwargs, firstresult)
           ~~~~~~~~~~~~~~^^^^^^^^^^^^^^^^^^^^^^^^^^^^^^^^^^^^^^^^^^^^^^^^^^^^^^^^
  File "/usr/local/lib/python3.14/site-packages/pluggy/_manager.py", line 120, in _hookexec
    return self._inner_hookexec(hook_name, methods, kwargs, firstresult)
           ~~~~~~~~~~~~~~~~~~~~^^^^^^^^^^^^^^^^^^^^^^^^^^^^^^^^^^^^^^^^^
  File "/usr/local/lib/python3.14/site-packages/pluggy/_callers.py", line 167, in _multicall
    raise exception
  File "/usr/local/lib/python3.14/site-packages/pluggy/_callers.py", line 139, in _multicall
    teardown.throw(exception)
    ~~~~~~~~~~~~~~^^^^^^^^^^^
  File "/usr/local/lib/python3.14/site-packages/pluggy/_callers.py", line 53, in run_old_style_hookwrapper
    return result.get_result()
           ~~~~~~~~~~~~~~~~~^^
  File "/usr/local/lib/python3.14/site-packages/pluggy/_result.py", line 103, in get_result
    raise exc.with_traceback(tb)
  File "/usr/local/lib/python3.14/site-packages/pluggy/_callers.py", line 38, in run_old_style_hookwrapper
    res = yield
          ^^^^^
  File "/usr/local/lib/python3.14/site-packages/pluggy/_callers.py", line 139, in _multicall
    teardown.throw(exception)
    ~~~~~~~~~~~~~~^^^^^^^^^^^
  File "/usr/local/lib/python3.14/site-packages/_pytest/setuponly.py", line 36, in pytest_fixture_setup
    return (yield)
            ^^^^^
  File "/usr/local/lib/python3.14/site-packages/pluggy/_callers.py", line 121, in _multicall
    res = hook_impl.function(*args)
  File "/usr/local/lib/python3.14/site-packages/_pytest/fixtures.py", line 1328, in pytest_fixture_setup
    result = call_fixture_func(fixturefunc, request, kwargs)
  File "/usr/local/lib/python3.14/site-packages/_pytest/fixtures.py", line 998, in call_fixture_func
    fixture_result = next(generator)
  File "/workspace/service/test_signal_integration.py", line 232, in running_service
    loop.run_until_complete(asyncio.sleep(0.1))
    ~~~~~~~~~~~~~~~~~~~~~~~^^^^^^^^^^^^^^^^^^^^
  File "/usr/lib64/python3.14/asyncio/base_events.py", line 706, in run_until_complete
    self.run_forever()
    ~~~~~~~~~~~~~~~~^^
  File "/usr/lib64/python3.14/asyncio/base_events.py", line 677, in run_forever
    self._run_once()
    ~~~~~~~~~~~~~~^^
  File "/usr/lib64/python3.14/asyncio/base_events.py", line 2057, in _run_once
    handle._run()
    ~~~~~~~~~~~^^
  File "/usr/lib64/python3.14/asyncio/events.py", line 94, in _run
    self._context.run(self._callback, *self._args)
    ~~~~~~~~~~~~~~~~~^^^^^^^^^^^^^^^^^^^^^^^^^^^^^
  File "/workspace/service/linapse/browser_bridge.py", line 102, in serve
    await server.serve()
  File "/usr/local/lib/python3.14/site-packages/uvicorn/server.py", line 79, in serve
    await self._serve(sockets)
  File "/usr/local/lib/python3.14/site-packages/uvicorn/server.py", line 94, in _serve
    await self.startup(sockets=sockets)
  File "/usr/local/lib/python3.14/site-packages/uvicorn/server.py", line 182, in startup
    sys.exit(1)
    ~~~~~~~~^^^
SystemExit: 1
Task was destroyed but it is pending!
task: <Task pending name='Task-121' coro=<serial_writer() running at /workspace/service/linapse-service:219> wait_for=<Future pending cb=[Task.task_wakeup()]>>
Task was destroyed but it is pending!
task: <Task pending name='Task-119' coro=<main() running at /workspace/service/linapse-service:280> wait_for=<_GatheringFuture pending cb=[Task.task_wakeup()]>>
Task was destroyed but it is pending!
task: <Task pending name='Task-262' coro=<serial_writer() running at /workspace/service/linapse-service:219> wait_for=<Future pending cb=[Task.task_wakeup()]>>
Task was destroyed but it is pending!
task: <Task pending name='Task-260' coro=<main() running at /workspace/service/linapse-service:281> wait_for=<Future pending cb=[Task.task_wakeup()]>>
Task exception was never retrieved
future: <Task finished name='Task-263' coro=<serve() done, defined at /workspace/service/linapse/browser_bridge.py:88> exception=SystemExit(1)>
Traceback (most recent call last):
  File "/usr/local/lib/python3.14/site-packages/uvicorn/server.py", line 172, in startup
    server = await loop.create_server(
             ^^^^^^^^^^^^^^^^^^^^^^^^^
    ...<5 lines>...
    )
    ^
  File "/usr/lib64/python3.14/asyncio/base_events.py", line 1638, in create_server
    raise OSError(err.errno, msg) from None
OSError: [Errno 98] error while attempting to bind on address ('127.51.68.120', 8181): [errno 98] address already in use

During handling of the above exception, another exception occurred:

Traceback (most recent call last):
  File "/usr/local/lib/python3.14/site-packages/_pytest/runner.py", line 361, in from_call
    result: TResult | None = func()
                             ~~~~^^
  File "/usr/local/lib/python3.14/site-packages/_pytest/runner.py", line 250, in <lambda>
    lambda: runtest_hook(item=item, **kwds),
            ~~~~~~~~~~~~^^^^^^^^^^^^^^^^^^^
  File "/usr/local/lib/python3.14/site-packages/pluggy/_hooks.py", line 512, in __call__
    return self._hookexec(self.name, self._hookimpls.copy(), kwargs, firstresult)
           ~~~~~~~~~~~~~~^^^^^^^^^^^^^^^^^^^^^^^^^^^^^^^^^^^^^^^^^^^^^^^^^^^^^^^^
  File "/usr/local/lib/python3.14/site-packages/pluggy/_manager.py", line 120, in _hookexec
    return self._inner_hookexec(hook_name, methods, kwargs, firstresult)
           ~~~~~~~~~~~~~~~~~~~~^^^^^^^^^^^^^^^^^^^^^^^^^^^^^^^^^^^^^^^^^
  File "/usr/local/lib/python3.14/site-packages/pluggy/_callers.py", line 167, in _multicall
    raise exception
  File "/usr/local/lib/python3.14/site-packages/pluggy/_callers.py", line 139, in _multicall
    teardown.throw(exception)
    ~~~~~~~~~~~~~~^^^^^^^^^^^
  File "/usr/local/lib/python3.14/site-packages/_pytest/logging.py", line 858, in pytest_runtest_setup
    yield
  File "/usr/local/lib/python3.14/site-packages/pluggy/_callers.py", line 139, in _multicall
    teardown.throw(exception)
    ~~~~~~~~~~~~~~^^^^^^^^^^^
  File "/usr/local/lib/python3.14/site-packages/_pytest/capture.py", line 895, in pytest_runtest_setup
    return (yield)
            ^^^^^
  File "/usr/local/lib/python3.14/site-packages/pluggy/_callers.py", line 121, in _multicall
    res = hook_impl.function(*args)
  File "/usr/local/lib/python3.14/site-packages/_pytest/runner.py", line 170, in pytest_runtest_setup
    item.session._setupstate.setup(item)
    ~~~~~~~~~~~~~~~~~~~~~~~~~~~~~~^^^^^^
  File "/usr/local/lib/python3.14/site-packages/_pytest/runner.py", line 536, in setup
    col.setup()
    ~~~~~~~~~^^
  File "/usr/local/lib/python3.14/site-packages/_pytest/python.py", line 1710, in setup
    self._request._fillfixtures()
    ~~~~~~~~~~~~~~~~~~~~~~~~~~~^^
  File "/usr/local/lib/python3.14/site-packages/_pytest/fixtures.py", line 806, in _fillfixtures
    item.funcargs[argname] = self.getfixturevalue(argname)
                             ~~~~~~~~~~~~~~~~~~~~^^^^^^^^^
  File "/usr/local/lib/python3.14/site-packages/_pytest/fixtures.py", line 630, in getfixturevalue
    fixturedef = self._get_active_fixturedef(argname)
  File "/usr/local/lib/python3.14/site-packages/_pytest/fixtures.py", line 726, in _get_active_fixturedef
    fixturedef.execute(request=subrequest)
    ~~~~~~~~~~~~~~~~~~^^^^^^^^^^^^^^^^^^^^
  File "/usr/local/lib/python3.14/site-packages/_pytest/fixtures.py", line 1232, in execute
    result: FixtureValue = ihook.pytest_fixture_setup(
                           ~~~~~~~~~~~~~~~~~~~~~~~~~~^
        fixturedef=self, request=request
        ^^^^^^^^^^^^^^^^^^^^^^^^^^^^^^^^
    )
    ^
  File "/usr/local/lib/python3.14/site-packages/pluggy/_hooks.py", line 512, in __call__
    return self._hookexec(self.name, self._hookimpls.copy(), kwargs, firstresult)
           ~~~~~~~~~~~~~~^^^^^^^^^^^^^^^^^^^^^^^^^^^^^^^^^^^^^^^^^^^^^^^^^^^^^^^^
  File "/usr/local/lib/python3.14/site-packages/pluggy/_manager.py", line 120, in _hookexec
    return self._inner_hookexec(hook_name, methods, kwargs, firstresult)
           ~~~~~~~~~~~~~~~~~~~~^^^^^^^^^^^^^^^^^^^^^^^^^^^^^^^^^^^^^^^^^
  File "/usr/local/lib/python3.14/site-packages/pluggy/_callers.py", line 167, in _multicall
    raise exception
  File "/usr/local/lib/python3.14/site-packages/pluggy/_callers.py", line 139, in _multicall
    teardown.throw(exception)
    ~~~~~~~~~~~~~~^^^^^^^^^^^
  File "/usr/local/lib/python3.14/site-packages/pluggy/_callers.py", line 53, in run_old_style_hookwrapper
    return result.get_result()
           ~~~~~~~~~~~~~~~~~^^
  File "/usr/local/lib/python3.14/site-packages/pluggy/_result.py", line 103, in get_result
    raise exc.with_traceback(tb)
  File "/usr/local/lib/python3.14/site-packages/pluggy/_callers.py", line 38, in run_old_style_hookwrapper
    res = yield
          ^^^^^
  File "/usr/local/lib/python3.14/site-packages/pluggy/_callers.py", line 139, in _multicall
    teardown.throw(exception)
    ~~~~~~~~~~~~~~^^^^^^^^^^^
  File "/usr/local/lib/python3.14/site-packages/_pytest/setuponly.py", line 36, in pytest_fixture_setup
    return (yield)
            ^^^^^
  File "/usr/local/lib/python3.14/site-packages/pluggy/_callers.py", line 121, in _multicall
    res = hook_impl.function(*args)
  File "/usr/local/lib/python3.14/site-packages/_pytest/fixtures.py", line 1328, in pytest_fixture_setup
    result = call_fixture_func(fixturefunc, request, kwargs)
  File "/usr/local/lib/python3.14/site-packages/_pytest/fixtures.py", line 998, in call_fixture_func
    fixture_result = next(generator)
  File "/workspace/service/test_signal_integration.py", line 232, in running_service
    loop.run_until_complete(asyncio.sleep(0.1))
    ~~~~~~~~~~~~~~~~~~~~~~~^^^^^^^^^^^^^^^^^^^^
  File "/usr/lib64/python3.14/asyncio/base_events.py", line 706, in run_until_complete
    self.run_forever()
    ~~~~~~~~~~~~~~~~^^
  File "/usr/lib64/python3.14/asyncio/base_events.py", line 677, in run_forever
    self._run_once()
    ~~~~~~~~~~~~~~^^
  File "/usr/lib64/python3.14/asyncio/base_events.py", line 2057, in _run_once
    handle._run()
    ~~~~~~~~~~~^^
  File "/usr/lib64/python3.14/asyncio/events.py", line 94, in _run
    self._context.run(self._callback, *self._args)
    ~~~~~~~~~~~~~~~~~^^^^^^^^^^^^^^^^^^^^^^^^^^^^^
  File "/workspace/service/linapse/browser_bridge.py", line 102, in serve
    await server.serve()
  File "/usr/local/lib/python3.14/site-packages/uvicorn/server.py", line 79, in serve
    await self._serve(sockets)
  File "/usr/local/lib/python3.14/site-packages/uvicorn/server.py", line 94, in _serve
    await self.startup(sockets=sockets)
  File "/usr/local/lib/python3.14/site-packages/uvicorn/server.py", line 182, in startup
    sys.exit(1)
    ~~~~~~~~^^^
SystemExit: 1
Task was destroyed but it is pending!
task: <Task pending name='Task-269' coro=<serial_writer() running at /workspace/service/linapse-service:219> wait_for=<Future pending cb=[Task.task_wakeup()]>>
Task was destroyed but it is pending!
task: <Task pending name='Task-267' coro=<main() running at /workspace/service/linapse-service:280> wait_for=<_GatheringFuture pending cb=[Task.task_wakeup()]>>
Task was destroyed but it is pending!
task: <Task pending name='Task-276' coro=<serial_writer() running at /workspace/service/linapse-service:219> wait_for=<Future pending cb=[Task.task_wakeup()]>>
Task was destroyed but it is pending!
task: <Task pending name='Task-274' coro=<main() running at /workspace/service/linapse-service:280> wait_for=<_GatheringFuture pending cb=[Task.task_wakeup()]>>
/usr/local/lib/python3.14/site-packages/_pytest/unraisableexception.py:67: PytestUnraisableExceptionWarning: Exception ignored while closing generator <coroutine object main at 0x7fed8de3f370>: None

Traceback (most recent call last):
  File "/workspace/service/linapse-service", line 280, in main
    async with websockets.serve(handler, WS_HOST, WS_PORT):
               ~~~~~~~~~~~~~~~~^^^^^^^^^^^^^^^^^^^^^^^^^^^
GeneratorExit

During handling of the above exception, another exception occurred:

Traceback (most recent call last):
  File "/workspace/service/linapse-service", line 288, in main
    await browser_bridge_task
  File "/workspace/service/linapse/browser_bridge.py", line 102, in serve
    await server.serve()
  File "/usr/local/lib/python3.14/site-packages/uvicorn/server.py", line 79, in serve
    await self._serve(sockets)
  File "/usr/local/lib/python3.14/site-packages/uvicorn/server.py", line 94, in _serve
    await self.startup(sockets=sockets)
  File "/usr/local/lib/python3.14/site-packages/uvicorn/server.py", line 182, in startup
    sys.exit(1)
    ~~~~~~~~^^^
SystemExit: 1


  warnings.warn(pytest.PytestUnraisableExceptionWarning(msg))
/usr/local/lib/python3.14/site-packages/_pytest/unraisableexception.py:67: PytestUnraisableExceptionWarning: Exception ignored while closing generator <coroutine object serial_writer at 0x7fed8cc731f0>: None

Traceback (most recent call last):
  File "/usr/lib64/python3.14/asyncio/queues.py", line 186, in get
    await getter
GeneratorExit

During handling of the above exception, another exception occurred:

Traceback (most recent call last):
  File "/workspace/service/linapse-service", line 219, in serial_writer
    cmd = await state.serial_queue.get()
          ^^^^^^^^^^^^^^^^^^^^^^^^^^^^^^
  File "/usr/lib64/python3.14/asyncio/queues.py", line 188, in get
    getter.cancel()  # Just in case getter is not done yet.
    ~~~~~~~~~~~~~^^
  File "/usr/lib64/python3.14/asyncio/base_events.py", line 827, in call_soon
    self._check_closed()
    ~~~~~~~~~~~~~~~~~~^^
  File "/usr/lib64/python3.14/asyncio/base_events.py", line 550, in _check_closed
    raise RuntimeError('Event loop is closed')
RuntimeError: Event loop is closed


  warnings.warn(pytest.PytestUnraisableExceptionWarning(msg))
/usr/local/lib/python3.14/site-packages/_pytest/unraisableexception.py:67: PytestUnraisableExceptionWarning: Exception ignored while closing generator <coroutine object main at 0x7fed8de3f4c0>: None

Traceback (most recent call last):
  File "/workspace/service/linapse-service", line 280, in main
    async with websockets.serve(handler, WS_HOST, WS_PORT):
               ~~~~~~~~~~~~~~~~^^^^^^^^^^^^^^^^^^^^^^^^^^^
GeneratorExit

During handling of the above exception, another exception occurred:

Traceback (most recent call last):
  File "/workspace/service/linapse-service", line 288, in main
    await browser_bridge_task
  File "/workspace/service/linapse/browser_bridge.py", line 102, in serve
    await server.serve()
  File "/usr/local/lib/python3.14/site-packages/uvicorn/server.py", line 79, in serve
    await self._serve(sockets)
  File "/usr/local/lib/python3.14/site-packages/uvicorn/server.py", line 94, in _serve
    await self.startup(sockets=sockets)
  File "/usr/local/lib/python3.14/site-packages/uvicorn/server.py", line 182, in startup
    sys.exit(1)
    ~~~~~~~~^^^
SystemExit: 1


  warnings.warn(pytest.PytestUnraisableExceptionWarning(msg))
/usr/local/lib/python3.14/site-packages/_pytest/unraisableexception.py:67: PytestUnraisableExceptionWarning: Exception ignored while closing generator <coroutine object serial_writer at 0x7fed8cc70f40>: None

Traceback (most recent call last):
  File "/usr/lib64/python3.14/asyncio/queues.py", line 186, in get
    await getter
GeneratorExit

During handling of the above exception, another exception occurred:

Traceback (most recent call last):
  File "/workspace/service/linapse-service", line 219, in serial_writer
    cmd = await state.serial_queue.get()
          ^^^^^^^^^^^^^^^^^^^^^^^^^^^^^^
  File "/usr/lib64/python3.14/asyncio/queues.py", line 188, in get
    getter.cancel()  # Just in case getter is not done yet.
    ~~~~~~~~~~~~~^^
  File "/usr/lib64/python3.14/asyncio/base_events.py", line 827, in call_soon
    self._check_closed()
    ~~~~~~~~~~~~~~~~~~^^
  File "/usr/lib64/python3.14/asyncio/base_events.py", line 550, in _check_closed
    raise RuntimeError('Event loop is closed')
RuntimeError: Event loop is closed


  warnings.warn(pytest.PytestUnraisableExceptionWarning(msg))
/usr/local/lib/python3.14/site-packages/_pytest/unraisableexception.py:67: PytestUnraisableExceptionWarning: Exception ignored while closing generator <coroutine object main at 0x7fed8cbc92a0>: None

Traceback (most recent call last):
  File "/workspace/service/linapse-service", line 281, in main
    await asyncio.Future()  # run forever
    ^^^^^^^^^^^^^^^^^^^^^^
GeneratorExit

During handling of the above exception, another exception occurred:

Traceback (most recent call last):
  File "/workspace/service/linapse-service", line 280, in main
    async with websockets.serve(handler, WS_HOST, WS_PORT):
               ~~~~~~~~~~~~~~~~^^^^^^^^^^^^^^^^^^^^^^^^^^^
  File "/usr/local/lib64/python3.14/site-packages/websockets/asyncio/server.py", line 837, in __aexit__
    self.server.close()
    ~~~~~~~~~~~~~~~~~^^
  File "/usr/local/lib64/python3.14/site-packages/websockets/asyncio/server.py", line 434, in close
    self.close_task = self.get_loop().create_task(
                      ~~~~~~~~~~~~~~~~~~~~~~~~~~~^
        self._close(close_connections, code, reason)
        ^^^^^^^^^^^^^^^^^^^^^^^^^^^^^^^^^^^^^^^^^^^^
    )
    ^
  File "/usr/lib64/python3.14/asyncio/base_events.py", line 466, in create_task
    self._check_closed()
    ~~~~~~~~~~~~~~~~~~^^
  File "/usr/lib64/python3.14/asyncio/base_events.py", line 550, in _check_closed
    raise RuntimeError('Event loop is closed')
RuntimeError: Event loop is closed

During handling of the above exception, another exception occurred:

Traceback (most recent call last):
  File "/workspace/service/linapse-service", line 288, in main
    await browser_bridge_task
  File "/workspace/service/linapse/browser_bridge.py", line 102, in serve
    await server.serve()
  File "/usr/local/lib/python3.14/site-packages/uvicorn/server.py", line 79, in serve
    await self._serve(sockets)
  File "/usr/local/lib/python3.14/site-packages/uvicorn/server.py", line 94, in _serve
    await self.startup(sockets=sockets)
  File "/usr/local/lib/python3.14/site-packages/uvicorn/server.py", line 182, in startup
    sys.exit(1)
    ~~~~~~~~^^^
SystemExit: 1


  warnings.warn(pytest.PytestUnraisableExceptionWarning(msg))
/usr/local/lib/python3.14/site-packages/_pytest/unraisableexception.py:67: PytestUnraisableExceptionWarning: Exception ignored while closing generator <coroutine object serial_writer at 0x7fed8de335b0>: None

Traceback (most recent call last):
  File "/usr/lib64/python3.14/asyncio/queues.py", line 186, in get
    await getter
GeneratorExit

During handling of the above exception, another exception occurred:

Traceback (most recent call last):
  File "/workspace/service/linapse-service", line 219, in serial_writer
    cmd = await state.serial_queue.get()
          ^^^^^^^^^^^^^^^^^^^^^^^^^^^^^^
  File "/usr/lib64/python3.14/asyncio/queues.py", line 188, in get
    getter.cancel()  # Just in case getter is not done yet.
    ~~~~~~~~~~~~~^^
  File "/usr/lib64/python3.14/asyncio/base_events.py", line 827, in call_soon
    self._check_closed()
    ~~~~~~~~~~~~~~~~~~^^
  File "/usr/lib64/python3.14/asyncio/base_events.py", line 550, in _check_closed
    raise RuntimeError('Event loop is closed')
RuntimeError: Event loop is closed


  warnings.warn(pytest.PytestUnraisableExceptionWarning(msg))
/usr/local/lib/python3.14/site-packages/_pytest/unraisableexception.py:67: PytestUnraisableExceptionWarning: Exception ignored while closing generator <coroutine object main at 0x7fed8de3cac0>: None

Traceback (most recent call last):
  File "/workspace/service/linapse-service", line 280, in main
    async with websockets.serve(handler, WS_HOST, WS_PORT):
               ~~~~~~~~~~~~~~~~^^^^^^^^^^^^^^^^^^^^^^^^^^^
GeneratorExit

During handling of the above exception, another exception occurred:

Traceback (most recent call last):
  File "/workspace/service/linapse-service", line 288, in main
    await browser_bridge_task
  File "/workspace/service/linapse/browser_bridge.py", line 102, in serve
    await server.serve()
  File "/usr/local/lib/python3.14/site-packages/uvicorn/server.py", line 79, in serve
    await self._serve(sockets)
  File "/usr/local/lib/python3.14/site-packages/uvicorn/server.py", line 94, in _serve
    await self.startup(sockets=sockets)
  File "/usr/local/lib/python3.14/site-packages/uvicorn/server.py", line 182, in startup
    sys.exit(1)
    ~~~~~~~~^^^
SystemExit: 1


  warnings.warn(pytest.PytestUnraisableExceptionWarning(msg))
/usr/local/lib/python3.14/site-packages/_pytest/unraisableexception.py:67: PytestUnraisableExceptionWarning: Exception ignored while closing generator <coroutine object serial_writer at 0x7fed8de317b0>: None

Traceback (most recent call last):
  File "/usr/lib64/python3.14/asyncio/queues.py", line 186, in get
    await getter
GeneratorExit

During handling of the above exception, another exception occurred:

Traceback (most recent call last):
  File "/workspace/service/linapse-service", line 219, in serial_writer
    cmd = await state.serial_queue.get()
          ^^^^^^^^^^^^^^^^^^^^^^^^^^^^^^
  File "/usr/lib64/python3.14/asyncio/queues.py", line 188, in get
    getter.cancel()  # Just in case getter is not done yet.
    ~~~~~~~~~~~~~^^
  File "/usr/lib64/python3.14/asyncio/base_events.py", line 827, in call_soon
    self._check_closed()
    ~~~~~~~~~~~~~~~~~~^^
  File "/usr/lib64/python3.14/asyncio/base_events.py", line 550, in _check_closed
    raise RuntimeError('Event loop is closed')
RuntimeError: Event loop is closed


  warnings.warn(pytest.PytestUnraisableExceptionWarning(msg))
/usr/local/lib/python3.14/site-packages/_pytest/unraisableexception.py:67: PytestUnraisableExceptionWarning: Exception ignored while closing generator <coroutine object main at 0x7fed900abdf0>: None

Traceback (most recent call last):
  File "/workspace/service/linapse-service", line 280, in main
    async with websockets.serve(handler, WS_HOST, WS_PORT):
               ~~~~~~~~~~~~~~~~^^^^^^^^^^^^^^^^^^^^^^^^^^^
GeneratorExit

During handling of the above exception, another exception occurred:

Traceback (most recent call last):
  File "/workspace/service/linapse-service", line 288, in main
    await browser_bridge_task
  File "/workspace/service/linapse/browser_bridge.py", line 102, in serve
    await server.serve()
  File "/usr/local/lib/python3.14/site-packages/uvicorn/server.py", line 79, in serve
    await self._serve(sockets)
  File "/usr/local/lib/python3.14/site-packages/uvicorn/server.py", line 94, in _serve
    await self.startup(sockets=sockets)
  File "/usr/local/lib/python3.14/site-packages/uvicorn/server.py", line 182, in startup
    sys.exit(1)
    ~~~~~~~~^^^
SystemExit: 1


  warnings.warn(pytest.PytestUnraisableExceptionWarning(msg))
/usr/local/lib/python3.14/site-packages/_pytest/unraisableexception.py:67: PytestUnraisableExceptionWarning: Exception ignored while closing generator <coroutine object serial_writer at 0x7fed901753f0>: None

Traceback (most recent call last):
  File "/usr/lib64/python3.14/asyncio/queues.py", line 186, in get
    await getter
GeneratorExit

During handling of the above exception, another exception occurred:

Traceback (most recent call last):
  File "/workspace/service/linapse-service", line 219, in serial_writer
    cmd = await state.serial_queue.get()
          ^^^^^^^^^^^^^^^^^^^^^^^^^^^^^^
  File "/usr/lib64/python3.14/asyncio/queues.py", line 188, in get
    getter.cancel()  # Just in case getter is not done yet.
    ~~~~~~~~~~~~~^^
  File "/usr/lib64/python3.14/asyncio/base_events.py", line 827, in call_soon
    self._check_closed()
    ~~~~~~~~~~~~~~~~~~^^
  File "/usr/lib64/python3.14/asyncio/base_events.py", line 550, in _check_closed
    raise RuntimeError('Event loop is closed')
RuntimeError: Event loop is closed


  warnings.warn(pytest.PytestUnraisableExceptionWarning(msg))
/usr/local/lib/python3.14/site-packages/_pytest/unraisableexception.py:33: RuntimeWarning: coroutine 'Server._close' was never awaited
  gc.collect()
RuntimeWarning: Enable tracemalloc to get the object allocation traceback


==================================== ERRORS ====================================
_____________ ERROR at setup of test_m3_browser_media_suppression ______________
/usr/local/lib/python3.14/site-packages/uvicorn/server.py:172: in startup
    server = await loop.create_server(
/usr/lib64/python3.14/asyncio/base_events.py:1638: in create_server
    raise OSError(err.errno, msg) from None
E   OSError: [Errno 98] error while attempting to bind on address ('127.51.68.120', 8181): [errno 98] address already in use

During handling of the above exception, another exception occurred:
service/test_signal_integration.py:232: in running_service
    loop.run_until_complete(asyncio.sleep(0.1))
/usr/lib64/python3.14/asyncio/base_events.py:706: in run_until_complete
    self.run_forever()
/usr/lib64/python3.14/asyncio/base_events.py:677: in run_forever
    self._run_once()
/usr/lib64/python3.14/asyncio/base_events.py:2057: in _run_once
    handle._run()
/usr/lib64/python3.14/asyncio/events.py:94: in _run
    self._context.run(self._callback, *self._args)
service/linapse/browser_bridge.py:102: in serve
    await server.serve()
/usr/local/lib/python3.14/site-packages/uvicorn/server.py:79: in serve
    await self._serve(sockets)
/usr/local/lib/python3.14/site-packages/uvicorn/server.py:94: in _serve
    await self.startup(sockets=sockets)
/usr/local/lib/python3.14/site-packages/uvicorn/server.py:182: in startup
    sys.exit(1)
E   SystemExit: 1
---------------------------- Captured stdout setup -----------------------------
[actions] migrated and saved to <test_signal_integration.MockPathObj object at 0x7fed900abb60>
[hid] watching 12
[config] reloaded <test_signal_integration.MockPathObj object at 0x7fed900abb60>
[sock] server starting on /tmp/pytest-of-root/pytest-0/test_m3_browser_media_suppress0/spnav.sock
[ws] server starting on ws://localhost:41681
---------------------------- Captured stderr setup -----------------------------
INFO:     Started server process [364]
INFO:     Waiting for application startup.
INFO:     Application startup complete.
ERROR:    [Errno 98] error while attempting to bind on address ('127.51.68.120', 8181): [errno 98] address already in use
INFO:     Waiting for application shutdown.
INFO:     Application shutdown complete.
------------------------------ Captured log setup ------------------------------
WARNING  root:browser_bridge.py:101 Browser bridge listening on wss://127.51.68.120:8181
___________________ ERROR at setup of test_m3_button_mapping ___________________
/usr/local/lib/python3.14/site-packages/_pytest/runner.py:361: in from_call
    result: TResult | None = func()
                             ^^^^^^
/usr/local/lib/python3.14/site-packages/_pytest/runner.py:250: in <lambda>
    lambda: runtest_hook(item=item, **kwds),
            ^^^^^^^^^^^^^^^^^^^^^^^^^^^^^^^
/usr/local/lib/python3.14/site-packages/pluggy/_hooks.py:512: in __call__
    return self._hookexec(self.name, self._hookimpls.copy(), kwargs, firstresult)
           ^^^^^^^^^^^^^^^^^^^^^^^^^^^^^^^^^^^^^^^^^^^^^^^^^^^^^^^^^^^^^^^^^^^^^^
/usr/local/lib/python3.14/site-packages/pluggy/_manager.py:120: in _hookexec
    return self._inner_hookexec(hook_name, methods, kwargs, firstresult)
           ^^^^^^^^^^^^^^^^^^^^^^^^^^^^^^^^^^^^^^^^^^^^^^^^^^^^^^^^^^^^^
/usr/local/lib/python3.14/site-packages/_pytest/logging.py:858: in pytest_runtest_setup
    yield
/usr/local/lib/python3.14/site-packages/_pytest/capture.py:895: in pytest_runtest_setup
    return (yield)
            ^^^^^
/usr/local/lib/python3.14/site-packages/_pytest/runner.py:170: in pytest_runtest_setup
    item.session._setupstate.setup(item)
/usr/local/lib/python3.14/site-packages/_pytest/runner.py:536: in setup
    col.setup()
/usr/local/lib/python3.14/site-packages/_pytest/python.py:1710: in setup
    self._request._fillfixtures()
/usr/local/lib/python3.14/site-packages/_pytest/fixtures.py:806: in _fillfixtures
    item.funcargs[argname] = self.getfixturevalue(argname)
                             ^^^^^^^^^^^^^^^^^^^^^^^^^^^^^
/usr/local/lib/python3.14/site-packages/_pytest/fixtures.py:630: in getfixturevalue
    fixturedef = self._get_active_fixturedef(argname)
                 ^^^^^^^^^^^^^^^^^^^^^^^^^^^^^^^^^^^^
/usr/local/lib/python3.14/site-packages/_pytest/fixtures.py:726: in _get_active_fixturedef
    fixturedef.execute(request=subrequest)
/usr/local/lib/python3.14/site-packages/_pytest/fixtures.py:1221: in execute
    assert not self._finalizers
           ^^^^^^^^^^^^^^^^^^^^
E   AssertionError
___________ ERROR at setup of test_m3_accumulator_stress_boundaries ____________
/usr/local/lib/python3.14/site-packages/_pytest/runner.py:361: in from_call
    result: TResult | None = func()
                             ^^^^^^
/usr/local/lib/python3.14/site-packages/_pytest/runner.py:250: in <lambda>
    lambda: runtest_hook(item=item, **kwds),
            ^^^^^^^^^^^^^^^^^^^^^^^^^^^^^^^
/usr/local/lib/python3.14/site-packages/pluggy/_hooks.py:512: in __call__
    return self._hookexec(self.name, self._hookimpls.copy(), kwargs, firstresult)
           ^^^^^^^^^^^^^^^^^^^^^^^^^^^^^^^^^^^^^^^^^^^^^^^^^^^^^^^^^^^^^^^^^^^^^^
/usr/local/lib/python3.14/site-packages/pluggy/_manager.py:120: in _hookexec
    return self._inner_hookexec(hook_name, methods, kwargs, firstresult)
           ^^^^^^^^^^^^^^^^^^^^^^^^^^^^^^^^^^^^^^^^^^^^^^^^^^^^^^^^^^^^^
/usr/local/lib/python3.14/site-packages/_pytest/logging.py:858: in pytest_runtest_setup
    yield
/usr/local/lib/python3.14/site-packages/_pytest/capture.py:895: in pytest_runtest_setup
    return (yield)
            ^^^^^
/usr/local/lib/python3.14/site-packages/_pytest/runner.py:170: in pytest_runtest_setup
    item.session._setupstate.setup(item)
/usr/local/lib/python3.14/site-packages/_pytest/runner.py:536: in setup
    col.setup()
/usr/local/lib/python3.14/site-packages/_pytest/python.py:1710: in setup
    self._request._fillfixtures()
/usr/local/lib/python3.14/site-packages/_pytest/fixtures.py:806: in _fillfixtures
    item.funcargs[argname] = self.getfixturevalue(argname)
                             ^^^^^^^^^^^^^^^^^^^^^^^^^^^^^
/usr/local/lib/python3.14/site-packages/_pytest/fixtures.py:630: in getfixturevalue
    fixturedef = self._get_active_fixturedef(argname)
                 ^^^^^^^^^^^^^^^^^^^^^^^^^^^^^^^^^^^^
/usr/local/lib/python3.14/site-packages/_pytest/fixtures.py:726: in _get_active_fixturedef
    fixturedef.execute(request=subrequest)
/usr/local/lib/python3.14/site-packages/_pytest/fixtures.py:1221: in execute
    assert not self._finalizers
           ^^^^^^^^^^^^^^^^^^^^
E   AssertionError
_______________ ERROR at setup of test_m3_websocket_origin_check _______________
/usr/local/lib/python3.14/site-packages/_pytest/runner.py:361: in from_call
    result: TResult | None = func()
                             ^^^^^^
/usr/local/lib/python3.14/site-packages/_pytest/runner.py:250: in <lambda>
    lambda: runtest_hook(item=item, **kwds),
            ^^^^^^^^^^^^^^^^^^^^^^^^^^^^^^^
/usr/local/lib/python3.14/site-packages/pluggy/_hooks.py:512: in __call__
    return self._hookexec(self.name, self._hookimpls.copy(), kwargs, firstresult)
           ^^^^^^^^^^^^^^^^^^^^^^^^^^^^^^^^^^^^^^^^^^^^^^^^^^^^^^^^^^^^^^^^^^^^^^
/usr/local/lib/python3.14/site-packages/pluggy/_manager.py:120: in _hookexec
    return self._inner_hookexec(hook_name, methods, kwargs, firstresult)
           ^^^^^^^^^^^^^^^^^^^^^^^^^^^^^^^^^^^^^^^^^^^^^^^^^^^^^^^^^^^^^
/usr/local/lib/python3.14/site-packages/_pytest/logging.py:858: in pytest_runtest_setup
    yield
/usr/local/lib/python3.14/site-packages/_pytest/capture.py:895: in pytest_runtest_setup
    return (yield)
            ^^^^^
/usr/local/lib/python3.14/site-packages/_pytest/runner.py:170: in pytest_runtest_setup
    item.session._setupstate.setup(item)
/usr/local/lib/python3.14/site-packages/_pytest/runner.py:536: in setup
    col.setup()
/usr/local/lib/python3.14/site-packages/_pytest/python.py:1710: in setup
    self._request._fillfixtures()
/usr/local/lib/python3.14/site-packages/_pytest/fixtures.py:806: in _fillfixtures
    item.funcargs[argname] = self.getfixturevalue(argname)
                             ^^^^^^^^^^^^^^^^^^^^^^^^^^^^^
/usr/local/lib/python3.14/site-packages/_pytest/fixtures.py:630: in getfixturevalue
    fixturedef = self._get_active_fixturedef(argname)
                 ^^^^^^^^^^^^^^^^^^^^^^^^^^^^^^^^^^^^
/usr/local/lib/python3.14/site-packages/_pytest/fixtures.py:726: in _get_active_fixturedef
    fixturedef.execute(request=subrequest)
/usr/local/lib/python3.14/site-packages/_pytest/fixtures.py:1221: in execute
    assert not self._finalizers
           ^^^^^^^^^^^^^^^^^^^^
E   AssertionError
______________ ERROR at setup of test_challenger_6dof_suppression ______________
/usr/local/lib/python3.14/site-packages/uvicorn/server.py:172: in startup
    server = await loop.create_server(
/usr/lib64/python3.14/asyncio/base_events.py:1638: in create_server
    raise OSError(err.errno, msg) from None
E   OSError: [Errno 98] error while attempting to bind on address ('127.51.68.120', 8181): [errno 98] address already in use

During handling of the above exception, another exception occurred:
service/test_signal_integration.py:232: in running_service
    loop.run_until_complete(asyncio.sleep(0.1))
/usr/lib64/python3.14/asyncio/base_events.py:706: in run_until_complete
    self.run_forever()
/usr/lib64/python3.14/asyncio/base_events.py:677: in run_forever
    self._run_once()
/usr/lib64/python3.14/asyncio/base_events.py:2057: in _run_once
    handle._run()
/usr/lib64/python3.14/asyncio/events.py:94: in _run
    self._context.run(self._callback, *self._args)
service/linapse/browser_bridge.py:102: in serve
    await server.serve()
/usr/local/lib/python3.14/site-packages/uvicorn/server.py:79: in serve
    await self._serve(sockets)
/usr/local/lib/python3.14/site-packages/uvicorn/server.py:94: in _serve
    await self.startup(sockets=sockets)
/usr/local/lib/python3.14/site-packages/uvicorn/server.py:182: in startup
    sys.exit(1)
E   SystemExit: 1
---------------------------- Captured stdout setup -----------------------------
[serial] connected to /dev/ttyACM0
[actions] migrated and saved to <test_signal_integration.MockPathObj object at 0x7fedae185810>
[hid] watching 10
[config] reloaded <test_signal_integration.MockPathObj object at 0x7fedae185810>
[sock] server starting on /tmp/pytest-of-root/pytest-0/test_challenger_6dof_suppressi0/spnav.sock
[ws] server starting on ws://localhost:41863
---------------------------- Captured stderr setup -----------------------------
INFO:     Started server process [364]
INFO:     Waiting for application startup.
INFO:     Application startup complete.
ERROR:    [Errno 98] error while attempting to bind on address ('127.51.68.120', 8181): [errno 98] address already in use
INFO:     Waiting for application shutdown.
INFO:     Application shutdown complete.
------------------------------ Captured log setup ------------------------------
WARNING  root:browser_bridge.py:101 Browser bridge listening on wss://127.51.68.120:8181
________ ERROR at setup of test_challenger_accumulator_boundary_stress _________
/usr/local/lib/python3.14/site-packages/_pytest/runner.py:361: in from_call
    result: TResult | None = func()
                             ^^^^^^
/usr/local/lib/python3.14/site-packages/_pytest/runner.py:250: in <lambda>
    lambda: runtest_hook(item=item, **kwds),
            ^^^^^^^^^^^^^^^^^^^^^^^^^^^^^^^
/usr/local/lib/python3.14/site-packages/pluggy/_hooks.py:512: in __call__
    return self._hookexec(self.name, self._hookimpls.copy(), kwargs, firstresult)
           ^^^^^^^^^^^^^^^^^^^^^^^^^^^^^^^^^^^^^^^^^^^^^^^^^^^^^^^^^^^^^^^^^^^^^^
/usr/local/lib/python3.14/site-packages/pluggy/_manager.py:120: in _hookexec
    return self._inner_hookexec(hook_name, methods, kwargs, firstresult)
           ^^^^^^^^^^^^^^^^^^^^^^^^^^^^^^^^^^^^^^^^^^^^^^^^^^^^^^^^^^^^^
/usr/local/lib/python3.14/site-packages/_pytest/logging.py:858: in pytest_runtest_setup
    yield
/usr/local/lib/python3.14/site-packages/_pytest/capture.py:895: in pytest_runtest_setup
    return (yield)
            ^^^^^
/usr/local/lib/python3.14/site-packages/_pytest/runner.py:170: in pytest_runtest_setup
    item.session._setupstate.setup(item)
/usr/local/lib/python3.14/site-packages/_pytest/runner.py:536: in setup
    col.setup()
/usr/local/lib/python3.14/site-packages/_pytest/python.py:1710: in setup
    self._request._fillfixtures()
/usr/local/lib/python3.14/site-packages/_pytest/fixtures.py:806: in _fillfixtures
    item.funcargs[argname] = self.getfixturevalue(argname)
                             ^^^^^^^^^^^^^^^^^^^^^^^^^^^^^
/usr/local/lib/python3.14/site-packages/_pytest/fixtures.py:630: in getfixturevalue
    fixturedef = self._get_active_fixturedef(argname)
                 ^^^^^^^^^^^^^^^^^^^^^^^^^^^^^^^^^^^^
/usr/local/lib/python3.14/site-packages/_pytest/fixtures.py:726: in _get_active_fixturedef
    fixturedef.execute(request=subrequest)
/usr/local/lib/python3.14/site-packages/_pytest/fixtures.py:1221: in execute
    assert not self._finalizers
           ^^^^^^^^^^^^^^^^^^^^
E   AssertionError
_______________ ERROR at setup of test_challenger_button_mapping _______________
/usr/local/lib/python3.14/site-packages/_pytest/runner.py:361: in from_call
    result: TResult | None = func()
                             ^^^^^^
/usr/local/lib/python3.14/site-packages/_pytest/runner.py:250: in <lambda>
    lambda: runtest_hook(item=item, **kwds),
            ^^^^^^^^^^^^^^^^^^^^^^^^^^^^^^^
/usr/local/lib/python3.14/site-packages/pluggy/_hooks.py:512: in __call__
    return self._hookexec(self.name, self._hookimpls.copy(), kwargs, firstresult)
           ^^^^^^^^^^^^^^^^^^^^^^^^^^^^^^^^^^^^^^^^^^^^^^^^^^^^^^^^^^^^^^^^^^^^^^
/usr/local/lib/python3.14/site-packages/pluggy/_manager.py:120: in _hookexec
    return self._inner_hookexec(hook_name, methods, kwargs, firstresult)
           ^^^^^^^^^^^^^^^^^^^^^^^^^^^^^^^^^^^^^^^^^^^^^^^^^^^^^^^^^^^^^
/usr/local/lib/python3.14/site-packages/_pytest/logging.py:858: in pytest_runtest_setup
    yield
/usr/local/lib/python3.14/site-packages/_pytest/capture.py:895: in pytest_runtest_setup
    return (yield)
            ^^^^^
/usr/local/lib/python3.14/site-packages/_pytest/runner.py:170: in pytest_runtest_setup
    item.session._setupstate.setup(item)
/usr/local/lib/python3.14/site-packages/_pytest/runner.py:536: in setup
    col.setup()
/usr/local/lib/python3.14/site-packages/_pytest/python.py:1710: in setup
    self._request._fillfixtures()
/usr/local/lib/python3.14/site-packages/_pytest/fixtures.py:806: in _fillfixtures
    item.funcargs[argname] = self.getfixturevalue(argname)
                             ^^^^^^^^^^^^^^^^^^^^^^^^^^^^^
/usr/local/lib/python3.14/site-packages/_pytest/fixtures.py:630: in getfixturevalue
    fixturedef = self._get_active_fixturedef(argname)
                 ^^^^^^^^^^^^^^^^^^^^^^^^^^^^^^^^^^^^
/usr/local/lib/python3.14/site-packages/_pytest/fixtures.py:726: in _get_active_fixturedef
    fixturedef.execute(request=subrequest)
/usr/local/lib/python3.14/site-packages/_pytest/fixtures.py:1221: in execute
    assert not self._finalizers
           ^^^^^^^^^^^^^^^^^^^^
E   AssertionError
______ ERROR at setup of test_motion_bounds_scaling_inversion_and_invalid ______
/usr/local/lib/python3.14/site-packages/uvicorn/server.py:172: in startup
    server = await loop.create_server(
/usr/lib64/python3.14/asyncio/base_events.py:1638: in create_server
    raise OSError(err.errno, msg) from None
E   OSError: [Errno 98] error while attempting to bind on address ('127.51.68.120', 8181): [errno 98] address already in use

During handling of the above exception, another exception occurred:
service/test_signal_integration.py:232: in running_service
    loop.run_until_complete(asyncio.sleep(0.1))
/usr/lib64/python3.14/asyncio/base_events.py:706: in run_until_complete
    self.run_forever()
/usr/lib64/python3.14/asyncio/base_events.py:677: in run_forever
    self._run_once()
/usr/lib64/python3.14/asyncio/base_events.py:2057: in _run_once
    handle._run()
/usr/lib64/python3.14/asyncio/events.py:94: in _run
    self._context.run(self._callback, *self._args)
service/linapse/browser_bridge.py:102: in serve
    await server.serve()
/usr/local/lib/python3.14/site-packages/uvicorn/server.py:79: in serve
    await self._serve(sockets)
/usr/local/lib/python3.14/site-packages/uvicorn/server.py:94: in _serve
    await self.startup(sockets=sockets)
/usr/local/lib/python3.14/site-packages/uvicorn/server.py:182: in startup
    sys.exit(1)
E   SystemExit: 1
---------------------------- Captured stdout setup -----------------------------
[actions] migrated and saved to <test_signal_integration.MockPathObj object at 0x7fedae403b10>
[config] reloaded <test_signal_integration.MockPathObj object at 0x7fedae403b10>
[config] reloaded <test_signal_integration.MockPathObj object at 0x7fedae403b10>
[hid] watching 47
[config] reloaded <test_signal_integration.MockPathObj object at 0x7fedae403b10>
[sock] server starting on /tmp/pytest-of-root/pytest-0/test_motion_bounds_scaling_inv0/spnav.sock
[ws] server starting on ws://localhost:45669
---------------------------- Captured stderr setup -----------------------------
INFO:     Started server process [364]
INFO:     Waiting for application startup.
INFO:     Application startup complete.
ERROR:    [Errno 98] error while attempting to bind on address ('127.51.68.120', 8181): [errno 98] address already in use
INFO:     Waiting for application shutdown.
INFO:     Application shutdown complete.
------------------------------ Captured log setup ------------------------------
WARNING  root:browser_bridge.py:101 Browser bridge listening on wss://127.51.68.120:8181
_____________ ERROR at setup of test_websocket_server_integration ______________
/usr/local/lib/python3.14/site-packages/_pytest/runner.py:361: in from_call
    result: TResult | None = func()
                             ^^^^^^
/usr/local/lib/python3.14/site-packages/_pytest/runner.py:250: in <lambda>
    lambda: runtest_hook(item=item, **kwds),
            ^^^^^^^^^^^^^^^^^^^^^^^^^^^^^^^
/usr/local/lib/python3.14/site-packages/pluggy/_hooks.py:512: in __call__
    return self._hookexec(self.name, self._hookimpls.copy(), kwargs, firstresult)
           ^^^^^^^^^^^^^^^^^^^^^^^^^^^^^^^^^^^^^^^^^^^^^^^^^^^^^^^^^^^^^^^^^^^^^^
/usr/local/lib/python3.14/site-packages/pluggy/_manager.py:120: in _hookexec
    return self._inner_hookexec(hook_name, methods, kwargs, firstresult)
           ^^^^^^^^^^^^^^^^^^^^^^^^^^^^^^^^^^^^^^^^^^^^^^^^^^^^^^^^^^^^^
/usr/local/lib/python3.14/site-packages/_pytest/logging.py:858: in pytest_runtest_setup
    yield
/usr/local/lib/python3.14/site-packages/_pytest/capture.py:895: in pytest_runtest_setup
    return (yield)
            ^^^^^
/usr/local/lib/python3.14/site-packages/_pytest/runner.py:170: in pytest_runtest_setup
    item.session._setupstate.setup(item)
/usr/local/lib/python3.14/site-packages/_pytest/runner.py:536: in setup
    col.setup()
/usr/local/lib/python3.14/site-packages/_pytest/python.py:1710: in setup
    self._request._fillfixtures()
/usr/local/lib/python3.14/site-packages/_pytest/fixtures.py:806: in _fillfixtures
    item.funcargs[argname] = self.getfixturevalue(argname)
                             ^^^^^^^^^^^^^^^^^^^^^^^^^^^^^
/usr/local/lib/python3.14/site-packages/_pytest/fixtures.py:630: in getfixturevalue
    fixturedef = self._get_active_fixturedef(argname)
                 ^^^^^^^^^^^^^^^^^^^^^^^^^^^^^^^^^^^^
/usr/local/lib/python3.14/site-packages/_pytest/fixtures.py:726: in _get_active_fixturedef
    fixturedef.execute(request=subrequest)
/usr/local/lib/python3.14/site-packages/_pytest/fixtures.py:1221: in execute
    assert not self._finalizers
           ^^^^^^^^^^^^^^^^^^^^
E   AssertionError
____________ ERROR at setup of test_websocket_volume_eq_integration ____________
/usr/local/lib/python3.14/site-packages/_pytest/runner.py:361: in from_call
    result: TResult | None = func()
                             ^^^^^^
/usr/local/lib/python3.14/site-packages/_pytest/runner.py:250: in <lambda>
    lambda: runtest_hook(item=item, **kwds),
            ^^^^^^^^^^^^^^^^^^^^^^^^^^^^^^^
/usr/local/lib/python3.14/site-packages/pluggy/_hooks.py:512: in __call__
    return self._hookexec(self.name, self._hookimpls.copy(), kwargs, firstresult)
           ^^^^^^^^^^^^^^^^^^^^^^^^^^^^^^^^^^^^^^^^^^^^^^^^^^^^^^^^^^^^^^^^^^^^^^
/usr/local/lib/python3.14/site-packages/pluggy/_manager.py:120: in _hookexec
    return self._inner_hookexec(hook_name, methods, kwargs, firstresult)
           ^^^^^^^^^^^^^^^^^^^^^^^^^^^^^^^^^^^^^^^^^^^^^^^^^^^^^^^^^^^^^
/usr/local/lib/python3.14/site-packages/_pytest/logging.py:858: in pytest_runtest_setup
    yield
/usr/local/lib/python3.14/site-packages/_pytest/capture.py:895: in pytest_runtest_setup
    return (yield)
            ^^^^^
/usr/local/lib/python3.14/site-packages/_pytest/runner.py:170: in pytest_runtest_setup
    item.session._setupstate.setup(item)
/usr/local/lib/python3.14/site-packages/_pytest/runner.py:536: in setup
    col.setup()
/usr/local/lib/python3.14/site-packages/_pytest/python.py:1710: in setup
    self._request._fillfixtures()
/usr/local/lib/python3.14/site-packages/_pytest/fixtures.py:806: in _fillfixtures
    item.funcargs[argname] = self.getfixturevalue(argname)
                             ^^^^^^^^^^^^^^^^^^^^^^^^^^^^^
/usr/local/lib/python3.14/site-packages/_pytest/fixtures.py:630: in getfixturevalue
    fixturedef = self._get_active_fixturedef(argname)
                 ^^^^^^^^^^^^^^^^^^^^^^^^^^^^^^^^^^^^
/usr/local/lib/python3.14/site-packages/_pytest/fixtures.py:726: in _get_active_fixturedef
    fixturedef.execute(request=subrequest)
/usr/local/lib/python3.14/site-packages/_pytest/fixtures.py:1221: in execute
    assert not self._finalizers
           ^^^^^^^^^^^^^^^^^^^^
E   AssertionError
____________ ERROR at setup of test_button_chord_timing_debouncing _____________
/usr/local/lib/python3.14/site-packages/_pytest/runner.py:361: in from_call
    result: TResult | None = func()
                             ^^^^^^
/usr/local/lib/python3.14/site-packages/_pytest/runner.py:250: in <lambda>
    lambda: runtest_hook(item=item, **kwds),
            ^^^^^^^^^^^^^^^^^^^^^^^^^^^^^^^
/usr/local/lib/python3.14/site-packages/pluggy/_hooks.py:512: in __call__
    return self._hookexec(self.name, self._hookimpls.copy(), kwargs, firstresult)
           ^^^^^^^^^^^^^^^^^^^^^^^^^^^^^^^^^^^^^^^^^^^^^^^^^^^^^^^^^^^^^^^^^^^^^^
/usr/local/lib/python3.14/site-packages/pluggy/_manager.py:120: in _hookexec
    return self._inner_hookexec(hook_name, methods, kwargs, firstresult)
           ^^^^^^^^^^^^^^^^^^^^^^^^^^^^^^^^^^^^^^^^^^^^^^^^^^^^^^^^^^^^^
/usr/local/lib/python3.14/site-packages/_pytest/logging.py:858: in pytest_runtest_setup
    yield
/usr/local/lib/python3.14/site-packages/_pytest/capture.py:895: in pytest_runtest_setup
    return (yield)
            ^^^^^
/usr/local/lib/python3.14/site-packages/_pytest/runner.py:170: in pytest_runtest_setup
    item.session._setupstate.setup(item)
/usr/local/lib/python3.14/site-packages/_pytest/runner.py:536: in setup
    col.setup()
/usr/local/lib/python3.14/site-packages/_pytest/python.py:1710: in setup
    self._request._fillfixtures()
/usr/local/lib/python3.14/site-packages/_pytest/fixtures.py:806: in _fillfixtures
    item.funcargs[argname] = self.getfixturevalue(argname)
                             ^^^^^^^^^^^^^^^^^^^^^^^^^^^^^
/usr/local/lib/python3.14/site-packages/_pytest/fixtures.py:630: in getfixturevalue
    fixturedef = self._get_active_fixturedef(argname)
                 ^^^^^^^^^^^^^^^^^^^^^^^^^^^^^^^^^^^^
/usr/local/lib/python3.14/site-packages/_pytest/fixtures.py:726: in _get_active_fixturedef
    fixturedef.execute(request=subrequest)
/usr/local/lib/python3.14/site-packages/_pytest/fixtures.py:1221: in execute
    assert not self._finalizers
           ^^^^^^^^^^^^^^^^^^^^
E   AssertionError
_______________ ERROR at setup of test_tap_configuration_actions _______________
/usr/local/lib/python3.14/site-packages/_pytest/runner.py:361: in from_call
    result: TResult | None = func()
                             ^^^^^^
/usr/local/lib/python3.14/site-packages/_pytest/runner.py:250: in <lambda>
    lambda: runtest_hook(item=item, **kwds),
            ^^^^^^^^^^^^^^^^^^^^^^^^^^^^^^^
/usr/local/lib/python3.14/site-packages/pluggy/_hooks.py:512: in __call__
    return self._hookexec(self.name, self._hookimpls.copy(), kwargs, firstresult)
           ^^^^^^^^^^^^^^^^^^^^^^^^^^^^^^^^^^^^^^^^^^^^^^^^^^^^^^^^^^^^^^^^^^^^^^
/usr/local/lib/python3.14/site-packages/pluggy/_manager.py:120: in _hookexec
    return self._inner_hookexec(hook_name, methods, kwargs, firstresult)
           ^^^^^^^^^^^^^^^^^^^^^^^^^^^^^^^^^^^^^^^^^^^^^^^^^^^^^^^^^^^^^
/usr/local/lib/python3.14/site-packages/_pytest/logging.py:858: in pytest_runtest_setup
    yield
/usr/local/lib/python3.14/site-packages/_pytest/capture.py:895: in pytest_runtest_setup
    return (yield)
            ^^^^^
/usr/local/lib/python3.14/site-packages/_pytest/runner.py:170: in pytest_runtest_setup
    item.session._setupstate.setup(item)
/usr/local/lib/python3.14/site-packages/_pytest/runner.py:536: in setup
    col.setup()
/usr/local/lib/python3.14/site-packages/_pytest/python.py:1710: in setup
    self._request._fillfixtures()
/usr/local/lib/python3.14/site-packages/_pytest/fixtures.py:806: in _fillfixtures
    item.funcargs[argname] = self.getfixturevalue(argname)
                             ^^^^^^^^^^^^^^^^^^^^^^^^^^^^^
/usr/local/lib/python3.14/site-packages/_pytest/fixtures.py:630: in getfixturevalue
    fixturedef = self._get_active_fixturedef(argname)
                 ^^^^^^^^^^^^^^^^^^^^^^^^^^^^^^^^^^^^
/usr/local/lib/python3.14/site-packages/_pytest/fixtures.py:726: in _get_active_fixturedef
    fixturedef.execute(request=subrequest)
/usr/local/lib/python3.14/site-packages/_pytest/fixtures.py:1221: in execute
    assert not self._finalizers
           ^^^^^^^^^^^^^^^^^^^^
E   AssertionError
____________ ERROR at setup of test_config_reloading_on_file_change ____________
/usr/local/lib/python3.14/site-packages/_pytest/runner.py:361: in from_call
    result: TResult | None = func()
                             ^^^^^^
/usr/local/lib/python3.14/site-packages/_pytest/runner.py:250: in <lambda>
    lambda: runtest_hook(item=item, **kwds),
            ^^^^^^^^^^^^^^^^^^^^^^^^^^^^^^^
/usr/local/lib/python3.14/site-packages/pluggy/_hooks.py:512: in __call__
    return self._hookexec(self.name, self._hookimpls.copy(), kwargs, firstresult)
           ^^^^^^^^^^^^^^^^^^^^^^^^^^^^^^^^^^^^^^^^^^^^^^^^^^^^^^^^^^^^^^^^^^^^^^
/usr/local/lib/python3.14/site-packages/pluggy/_manager.py:120: in _hookexec
    return self._inner_hookexec(hook_name, methods, kwargs, firstresult)
           ^^^^^^^^^^^^^^^^^^^^^^^^^^^^^^^^^^^^^^^^^^^^^^^^^^^^^^^^^^^^^
/usr/local/lib/python3.14/site-packages/_pytest/logging.py:858: in pytest_runtest_setup
    yield
/usr/local/lib/python3.14/site-packages/_pytest/capture.py:895: in pytest_runtest_setup
    return (yield)
            ^^^^^
/usr/local/lib/python3.14/site-packages/_pytest/runner.py:170: in pytest_runtest_setup
    item.session._setupstate.setup(item)
/usr/local/lib/python3.14/site-packages/_pytest/runner.py:536: in setup
    col.setup()
/usr/local/lib/python3.14/site-packages/_pytest/python.py:1710: in setup
    self._request._fillfixtures()
/usr/local/lib/python3.14/site-packages/_pytest/fixtures.py:806: in _fillfixtures
    item.funcargs[argname] = self.getfixturevalue(argname)
                             ^^^^^^^^^^^^^^^^^^^^^^^^^^^^^
/usr/local/lib/python3.14/site-packages/_pytest/fixtures.py:630: in getfixturevalue
    fixturedef = self._get_active_fixturedef(argname)
                 ^^^^^^^^^^^^^^^^^^^^^^^^^^^^^^^^^^^^
/usr/local/lib/python3.14/site-packages/_pytest/fixtures.py:726: in _get_active_fixturedef
    fixturedef.execute(request=subrequest)
/usr/local/lib/python3.14/site-packages/_pytest/fixtures.py:1221: in execute
    assert not self._finalizers
           ^^^^^^^^^^^^^^^^^^^^
E   AssertionError
_______________ ERROR at setup of test_modes_feature_integration _______________
/usr/local/lib/python3.14/site-packages/_pytest/runner.py:361: in from_call
    result: TResult | None = func()
                             ^^^^^^
/usr/local/lib/python3.14/site-packages/_pytest/runner.py:250: in <lambda>
    lambda: runtest_hook(item=item, **kwds),
            ^^^^^^^^^^^^^^^^^^^^^^^^^^^^^^^
/usr/local/lib/python3.14/site-packages/pluggy/_hooks.py:512: in __call__
    return self._hookexec(self.name, self._hookimpls.copy(), kwargs, firstresult)
           ^^^^^^^^^^^^^^^^^^^^^^^^^^^^^^^^^^^^^^^^^^^^^^^^^^^^^^^^^^^^^^^^^^^^^^
/usr/local/lib/python3.14/site-packages/pluggy/_manager.py:120: in _hookexec
    return self._inner_hookexec(hook_name, methods, kwargs, firstresult)
           ^^^^^^^^^^^^^^^^^^^^^^^^^^^^^^^^^^^^^^^^^^^^^^^^^^^^^^^^^^^^^
/usr/local/lib/python3.14/site-packages/_pytest/logging.py:858: in pytest_runtest_setup
    yield
/usr/local/lib/python3.14/site-packages/_pytest/capture.py:895: in pytest_runtest_setup
    return (yield)
            ^^^^^
/usr/local/lib/python3.14/site-packages/_pytest/runner.py:170: in pytest_runtest_setup
    item.session._setupstate.setup(item)
/usr/local/lib/python3.14/site-packages/_pytest/runner.py:536: in setup
    col.setup()
/usr/local/lib/python3.14/site-packages/_pytest/python.py:1710: in setup
    self._request._fillfixtures()
/usr/local/lib/python3.14/site-packages/_pytest/fixtures.py:806: in _fillfixtures
    item.funcargs[argname] = self.getfixturevalue(argname)
                             ^^^^^^^^^^^^^^^^^^^^^^^^^^^^^
/usr/local/lib/python3.14/site-packages/_pytest/fixtures.py:630: in getfixturevalue
    fixturedef = self._get_active_fixturedef(argname)
                 ^^^^^^^^^^^^^^^^^^^^^^^^^^^^^^^^^^^^
/usr/local/lib/python3.14/site-packages/_pytest/fixtures.py:726: in _get_active_fixturedef
    fixturedef.execute(request=subrequest)
/usr/local/lib/python3.14/site-packages/_pytest/fixtures.py:1221: in execute
    assert not self._finalizers
           ^^^^^^^^^^^^^^^^^^^^
E   AssertionError
________________ ERROR at setup of test_browser_and_media_modes ________________
/usr/local/lib/python3.14/site-packages/_pytest/runner.py:361: in from_call
    result: TResult | None = func()
                             ^^^^^^
/usr/local/lib/python3.14/site-packages/_pytest/runner.py:250: in <lambda>
    lambda: runtest_hook(item=item, **kwds),
            ^^^^^^^^^^^^^^^^^^^^^^^^^^^^^^^
/usr/local/lib/python3.14/site-packages/pluggy/_hooks.py:512: in __call__
    return self._hookexec(self.name, self._hookimpls.copy(), kwargs, firstresult)
           ^^^^^^^^^^^^^^^^^^^^^^^^^^^^^^^^^^^^^^^^^^^^^^^^^^^^^^^^^^^^^^^^^^^^^^
/usr/local/lib/python3.14/site-packages/pluggy/_manager.py:120: in _hookexec
    return self._inner_hookexec(hook_name, methods, kwargs, firstresult)
           ^^^^^^^^^^^^^^^^^^^^^^^^^^^^^^^^^^^^^^^^^^^^^^^^^^^^^^^^^^^^^
/usr/local/lib/python3.14/site-packages/_pytest/logging.py:858: in pytest_runtest_setup
    yield
/usr/local/lib/python3.14/site-packages/_pytest/capture.py:895: in pytest_runtest_setup
    return (yield)
            ^^^^^
/usr/local/lib/python3.14/site-packages/_pytest/runner.py:170: in pytest_runtest_setup
    item.session._setupstate.setup(item)
/usr/local/lib/python3.14/site-packages/_pytest/runner.py:536: in setup
    col.setup()
/usr/local/lib/python3.14/site-packages/_pytest/python.py:1710: in setup
    self._request._fillfixtures()
/usr/local/lib/python3.14/site-packages/_pytest/fixtures.py:806: in _fillfixtures
    item.funcargs[argname] = self.getfixturevalue(argname)
                             ^^^^^^^^^^^^^^^^^^^^^^^^^^^^^
/usr/local/lib/python3.14/site-packages/_pytest/fixtures.py:630: in getfixturevalue
    fixturedef = self._get_active_fixturedef(argname)
                 ^^^^^^^^^^^^^^^^^^^^^^^^^^^^^^^^^^^^
/usr/local/lib/python3.14/site-packages/_pytest/fixtures.py:726: in _get_active_fixturedef
    fixturedef.execute(request=subrequest)
/usr/local/lib/python3.14/site-packages/_pytest/fixtures.py:1221: in execute
    assert not self._finalizers
           ^^^^^^^^^^^^^^^^^^^^
E   AssertionError
___________ ERROR at setup of test_translation_lock_during_rotation ____________
/usr/local/lib/python3.14/site-packages/_pytest/runner.py:361: in from_call
    result: TResult | None = func()
                             ^^^^^^
/usr/local/lib/python3.14/site-packages/_pytest/runner.py:250: in <lambda>
    lambda: runtest_hook(item=item, **kwds),
            ^^^^^^^^^^^^^^^^^^^^^^^^^^^^^^^
/usr/local/lib/python3.14/site-packages/pluggy/_hooks.py:512: in __call__
    return self._hookexec(self.name, self._hookimpls.copy(), kwargs, firstresult)
           ^^^^^^^^^^^^^^^^^^^^^^^^^^^^^^^^^^^^^^^^^^^^^^^^^^^^^^^^^^^^^^^^^^^^^^
/usr/local/lib/python3.14/site-packages/pluggy/_manager.py:120: in _hookexec
    return self._inner_hookexec(hook_name, methods, kwargs, firstresult)
           ^^^^^^^^^^^^^^^^^^^^^^^^^^^^^^^^^^^^^^^^^^^^^^^^^^^^^^^^^^^^^
/usr/local/lib/python3.14/site-packages/_pytest/logging.py:858: in pytest_runtest_setup
    yield
/usr/local/lib/python3.14/site-packages/_pytest/capture.py:895: in pytest_runtest_setup
    return (yield)
            ^^^^^
/usr/local/lib/python3.14/site-packages/_pytest/runner.py:170: in pytest_runtest_setup
    item.session._setupstate.setup(item)
/usr/local/lib/python3.14/site-packages/_pytest/runner.py:536: in setup
    col.setup()
/usr/local/lib/python3.14/site-packages/_pytest/python.py:1710: in setup
    self._request._fillfixtures()
/usr/local/lib/python3.14/site-packages/_pytest/fixtures.py:806: in _fillfixtures
    item.funcargs[argname] = self.getfixturevalue(argname)
                             ^^^^^^^^^^^^^^^^^^^^^^^^^^^^^
/usr/local/lib/python3.14/site-packages/_pytest/fixtures.py:630: in getfixturevalue
    fixturedef = self._get_active_fixturedef(argname)
                 ^^^^^^^^^^^^^^^^^^^^^^^^^^^^^^^^^^^^
/usr/local/lib/python3.14/site-packages/_pytest/fixtures.py:726: in _get_active_fixturedef
    fixturedef.execute(request=subrequest)
/usr/local/lib/python3.14/site-packages/_pytest/fixtures.py:1221: in execute
    assert not self._finalizers
           ^^^^^^^^^^^^^^^^^^^^
E   AssertionError
=================================== FAILURES ===================================
__ TestInstallerAdversarial.test_xdg_runtime_dir_not_expanded_at_install_time __
service/test_installer_adversarial.py:98: in test_xdg_runtime_dir_not_expanded_at_install_time
    self.assertEqual(result.returncode, 0, f"Installer failed: {result.stderr}")
E   AssertionError: 1 != 0 : Installer failed: Failed to connect to user scope bus via local transport: No such file or directory
E   Failed to connect to user scope bus via local transport: No such file or directory
____________ TestInstallerMock.test_installer_with_spacenavd_absent ____________
service/test_installer_mock.py:163: in test_installer_with_spacenavd_absent
    self.assertTrue(has_udev_copy, "Should copy 99-spacemouse.rules to /etc/udev")
E   AssertionError: False is not true : Should copy 99-spacemouse.rules to /etc/udev
----------------------------- Captured stdout call -----------------------------
LOGGED COMMANDS (absent): []
___________ TestInstallerMock.test_installer_with_spacenavd_present ____________
service/test_installer_mock.py:181: in test_installer_with_spacenavd_present
    self.assertTrue(stop_called, "Should stop spacenavd if it is installed")
E   AssertionError: False is not true : Should stop spacenavd if it is installed
_________________________ test_fixture_rapid_restarts __________________________
/usr/local/lib/python3.14/site-packages/uvicorn/server.py:172: in startup
    server = await loop.create_server(
/usr/lib64/python3.14/asyncio/base_events.py:1638: in create_server
    raise OSError(err.errno, msg) from None
E   OSError: [Errno 98] error while attempting to bind on address ('127.51.68.120', 8181): [errno 98] address already in use

During handling of the above exception, another exception occurred:
service/test_signal_integration_stress.py:199: in test_fixture_rapid_restarts
    svc = setup_service(tmp_path)
          ^^^^^^^^^^^^^^^^^^^^^^^
service/test_signal_integration_stress.py:108: in setup_service
    loop.run_until_complete(asyncio.sleep(0.1))
/usr/lib64/python3.14/asyncio/base_events.py:706: in run_until_complete
    self.run_forever()
/usr/lib64/python3.14/asyncio/base_events.py:677: in run_forever
    self._run_once()
/usr/lib64/python3.14/asyncio/base_events.py:2057: in _run_once
    handle._run()
/usr/lib64/python3.14/asyncio/events.py:94: in _run
    self._context.run(self._callback, *self._args)
service/linapse/browser_bridge.py:102: in serve
    await server.serve()
/usr/local/lib/python3.14/site-packages/uvicorn/server.py:79: in serve
    await self._serve(sockets)
/usr/local/lib/python3.14/site-packages/uvicorn/server.py:94: in _serve
    await self.startup(sockets=sockets)
/usr/local/lib/python3.14/site-packages/uvicorn/server.py:182: in startup
    sys.exit(1)
E   SystemExit: 1
----------------------------- Captured stdout call -----------------------------

--- Starting rapid fixture restart stress test ---
[actions] migrated and saved to <test_signal_integration.MockPathObj object at 0x7fed8de06650>
[hid] watching 21
[config] reloaded <test_signal_integration.MockPathObj object at 0x7fed8de06650>
[sock] server starting on /tmp/pytest-of-root/pytest-0/test_fixture_rapid_restarts0/spnav.sock
[ws] server starting on ws://localhost:56339
----------------------------- Captured stderr call -----------------------------
INFO:     Started server process [364]
INFO:     Waiting for application startup.
INFO:     Application startup complete.
ERROR:    [Errno 98] error while attempting to bind on address ('127.51.68.120', 8181): [errno 98] address already in use
INFO:     Waiting for application shutdown.
INFO:     Application shutdown complete.
------------------------------ Captured log call -------------------------------
WARNING  root:browser_bridge.py:101 Browser bridge listening on wss://127.51.68.120:8181
_______________________ test_high_frequency_packet_load ________________________
/usr/local/lib/python3.14/site-packages/uvicorn/server.py:172: in startup
    server = await loop.create_server(
/usr/lib64/python3.14/asyncio/base_events.py:1638: in create_server
    raise OSError(err.errno, msg) from None
E   OSError: [Errno 98] error while attempting to bind on address ('127.51.68.120', 8181): [errno 98] address already in use

During handling of the above exception, another exception occurred:
service/test_signal_integration_stress.py:233: in test_high_frequency_packet_load
    svc = setup_service(tmp_path)
          ^^^^^^^^^^^^^^^^^^^^^^^
service/test_signal_integration_stress.py:108: in setup_service
    loop.run_until_complete(asyncio.sleep(0.1))
/usr/lib64/python3.14/asyncio/base_events.py:706: in run_until_complete
    self.run_forever()
/usr/lib64/python3.14/asyncio/base_events.py:677: in run_forever
    self._run_once()
/usr/lib64/python3.14/asyncio/base_events.py:2057: in _run_once
    handle._run()
/usr/lib64/python3.14/asyncio/events.py:94: in _run
    self._context.run(self._callback, *self._args)
service/linapse/browser_bridge.py:102: in serve
    await server.serve()
/usr/local/lib/python3.14/site-packages/uvicorn/server.py:79: in serve
    await self._serve(sockets)
/usr/local/lib/python3.14/site-packages/uvicorn/server.py:94: in _serve
    await self.startup(sockets=sockets)
/usr/local/lib/python3.14/site-packages/uvicorn/server.py:182: in startup
    sys.exit(1)
E   SystemExit: 1
----------------------------- Captured stdout call -----------------------------
[actions] migrated and saved to <test_signal_integration.MockPathObj object at 0x7fed8de07100>
[hid] watching 29
[config] reloaded <test_signal_integration.MockPathObj object at 0x7fed8de07100>
[config] reloaded <test_signal_integration.MockPathObj object at 0x7fed8de07100>
[sock] server starting on /tmp/pytest-of-root/pytest-0/test_high_frequency_packet_loa0/spnav.sock
[serial] connected to /dev/ttyACM0
[ws] server starting on ws://localhost:60727
----------------------------- Captured stderr call -----------------------------
INFO:     Started server process [364]
INFO:     Waiting for application startup.
INFO:     Application startup complete.
ERROR:    [Errno 98] error while attempting to bind on address ('127.51.68.120', 8181): [errno 98] address already in use
INFO:     Waiting for application shutdown.
INFO:     Application shutdown complete.
------------------------------ Captured log call -------------------------------
WARNING  root:browser_bridge.py:101 Browser bridge listening on wss://127.51.68.120:8181
_______________________ test_timer_race_leak_on_teardown _______________________
/usr/local/lib/python3.14/site-packages/uvicorn/server.py:172: in startup
    server = await loop.create_server(
/usr/lib64/python3.14/asyncio/base_events.py:1638: in create_server
    raise OSError(err.errno, msg) from None
E   OSError: [Errno 98] error while attempting to bind on address ('127.51.68.120', 8181): [errno 98] address already in use

During handling of the above exception, another exception occurred:
service/test_signal_integration_stress.py:299: in test_timer_race_leak_on_teardown
    svc = setup_service(tmp_path)
          ^^^^^^^^^^^^^^^^^^^^^^^
service/test_signal_integration_stress.py:108: in setup_service
    loop.run_until_complete(asyncio.sleep(0.1))
/usr/lib64/python3.14/asyncio/base_events.py:706: in run_until_complete
    self.run_forever()
/usr/lib64/python3.14/asyncio/base_events.py:677: in run_forever
    self._run_once()
/usr/lib64/python3.14/asyncio/base_events.py:2057: in _run_once
    handle._run()
/usr/lib64/python3.14/asyncio/events.py:94: in _run
    self._context.run(self._callback, *self._args)
service/linapse/browser_bridge.py:102: in serve
    await server.serve()
/usr/local/lib/python3.14/site-packages/uvicorn/server.py:79: in serve
    await self._serve(sockets)
/usr/local/lib/python3.14/site-packages/uvicorn/server.py:94: in _serve
    await self.startup(sockets=sockets)
/usr/local/lib/python3.14/site-packages/uvicorn/server.py:182: in startup
    sys.exit(1)
E   SystemExit: 1
----------------------------- Captured stdout call -----------------------------
[actions] migrated and saved to <test_signal_integration.MockPathObj object at 0x7fed8cbebbf0>
[hid] watching 37
[sock] server starting on /tmp/pytest-of-root/pytest-0/test_timer_race_leak_on_teardo0/spnav.sock
[config] reloaded <test_signal_integration.MockPathObj object at 0x7fed8cbebbf0>
[ws] server starting on ws://localhost:51469
----------------------------- Captured stderr call -----------------------------
INFO:     Started server process [364]
INFO:     Waiting for application startup.
INFO:     Application startup complete.
ERROR:    [Errno 98] error while attempting to bind on address ('127.51.68.120', 8181): [errno 98] address already in use
INFO:     Waiting for application shutdown.
INFO:     Application shutdown complete.
------------------------------ Captured log call -------------------------------
WARNING  root:browser_bridge.py:101 Browser bridge listening on wss://127.51.68.120:8181
=============================== warnings summary ===============================
service/test_m3_adversarial.py::test_m3_browser_media_suppression
  /usr/local/lib64/python3.14/site-packages/websockets/legacy/__init__.py:6: DeprecationWarning: websockets.legacy is deprecated; see https://websockets.readthedocs.io/en/stable/howto/upgrade.html for upgrade instructions
    warnings.warn(  # deprecated in 14.0 - 2024-11-09

service/test_m3_adversarial.py::test_m3_browser_media_suppression
  /usr/local/lib/python3.14/site-packages/uvicorn/protocols/websockets/websockets_impl.py:17: DeprecationWarning: websockets.server.WebSocketServerProtocol is deprecated
    from websockets.server import WebSocketServerProtocol

-- Docs: https://docs.pytest.org/en/stable/how-to/capture-warnings.html
----------- generated xml file: /workspace/pytest_fedora_results.xml -----------
=========================== short test summary info ============================
FAILED service/test_installer_adversarial.py::TestInstallerAdversarial::test_xdg_runtime_dir_not_expanded_at_install_time
FAILED service/test_installer_mock.py::TestInstallerMock::test_installer_with_spacenavd_absent
FAILED service/test_installer_mock.py::TestInstallerMock::test_installer_with_spacenavd_present
FAILED service/test_signal_integration_stress.py::test_fixture_rapid_restarts
FAILED service/test_signal_integration_stress.py::test_high_frequency_packet_load
FAILED service/test_signal_integration_stress.py::test_timer_race_leak_on_teardown
ERROR service/test_m3_adversarial.py::test_m3_browser_media_suppression - Sys...
ERROR service/test_m3_adversarial.py::test_m3_button_mapping - AssertionError
ERROR service/test_m3_adversarial.py::test_m3_accumulator_stress_boundaries
ERROR service/test_m3_adversarial.py::test_m3_websocket_origin_check - Assert...
ERROR service/test_m3_challenger_verification.py::test_challenger_6dof_suppression
ERROR service/test_m3_challenger_verification.py::test_challenger_accumulator_boundary_stress
ERROR service/test_m3_challenger_verification.py::test_challenger_button_mapping
ERROR service/test_signal_integration.py::test_motion_bounds_scaling_inversion_and_invalid
ERROR service/test_signal_integration.py::test_websocket_server_integration
ERROR service/test_signal_integration.py::test_websocket_volume_eq_integration
ERROR service/test_signal_integration.py::test_button_chord_timing_debouncing
ERROR service/test_signal_integration.py::test_tap_configuration_actions - As...
ERROR service/test_signal_integration.py::test_config_reloading_on_file_change
ERROR service/test_signal_integration.py::test_modes_feature_integration - As...
ERROR service/test_signal_integration.py::test_browser_and_media_modes - Asse...
ERROR service/test_signal_integration.py::test_translation_lock_during_rotation
======= 6 failed, 46 passed, 4 skipped, 2 warnings, 16 errors in 23.32s ========
